{"logTime": "0222/005709", "correlationVector":"jbX3aKtWcNfCLUpb7nImez.1","action":"SyncServerConnectionManagerRequest", "result":"SYNC_SERVER_OK", "context":{"environment":"Prod_westus_prod-s01-081-nam-westus", "migrationStage":"NotStarted", "server":"akswtt10200000i"}}
{"logTime": "0222/005709", "correlationVector":"jbX3aKtWcNfCLUpb7nImez.2","action":"ProcessGetUpdates", "result":"Done", "context":{"dataType":"Sessions", "deleted":"81", "process_failed_to_decrypt":"0", "process_pending_decryption":"0", "process_success":"91", "total":"91"}}
{"logTime": "0222/005709", "correlationVector":"jbX3aKtWcNfCLUpb7nImez.3","action":"GetUpdates Response", "result":"Success", "context":Received 91 update(s). cV=jbX3aKtWcNfCLUpb7nImez.0;server=akswtt10200000i;cloudType=Consumer;environment=Prod_westus_prod-s01-081-nam-westus;migrationStage=NotStarted}
{"logTime": "0222/005709", "correlationVector":"aCXBK50oMtlZElOtE7QuX1","action":"Initial GetUpdates", "result":"", "context":Reason: NEWLY_SUPPORTED_DATATYPE. cV=aCXBK50oMtlZElOtE7QuX1}
{"logTime": "0222/005710", "correlationVector":"aCXBK50oMtlZElOtE7QuX1.1","action":"SyncServerConnectionManagerRequest", "result":"SYNC_SERVER_OK", "context":{"environment":"Prod_westus_prod-s01-081-nam-westus", "migrationStage":"NotStarted", "server":"akswtt10200000b"}}
{"logTime": "0222/005710", "correlationVector":"aCXBK50oMtlZElOtE7QuX1.2","action":"ProcessGetUpdates", "result":"Done", "context":{"dataType":"History", "deleted":"0", "process_failed_to_decrypt":"0", "process_pending_decryption":"0", "process_success":"250", "total":"250"}}
{"logTime": "0222/005710", "correlationVector":"aCXBK50oMtlZElOtE7QuX1.3","action":"GetUpdates Response", "result":"Success", "context":Received 250 update(s). cV=aCXBK50oMtlZElOtE7QuX1.0;server=akswtt10200000b;cloudType=Consumer;environment=Prod_westus_prod-s01-081-nam-westus;migrationStage=NotStarted Some updates remain.}
{"logTime": "0222/005710", "correlationVector":"AFyUoqXgvJzMuK48qNeBd8","action":"Initial GetUpdates", "result":"", "context":Reason: NEWLY_SUPPORTED_DATATYPE. cV=AFyUoqXgvJzMuK48qNeBd8}
{"logTime": "0222/005710", "correlationVector":"AFyUoqXgvJzMuK48qNeBd8.1","action":"SyncServerConnectionManagerRequest", "result":"SYNC_SERVER_OK", "context":{"environment":"Prod_westus_prod-s01-081-nam-westus", "migrationStage":"NotStarted", "server":"akswtt10200001l"}}
{"logTime": "0222/005710", "correlationVector":"AFyUoqXgvJzMuK48qNeBd8.2","action":"ProcessGetUpdates", "result":"Done", "context":{"dataType":"History", "deleted":"0", "process_failed_to_decrypt":"0", "process_pending_decryption":"0", "process_success":"250", "total":"250"}}
{"logTime": "0222/005710", "correlationVector":"AFyUoqXgvJzMuK48qNeBd8.3","action":"GetUpdates Response", "result":"Success", "context":Received 250 update(s). cV=AFyUoqXgvJzMuK48qNeBd8.0;server=akswtt10200001l;cloudType=Consumer;environment=Prod_westus_prod-s01-081-nam-westus;migrationStage=NotStarted Some updates remain.}
{"logTime": "0222/005710", "correlationVector":"pLBwsrotQZubfPnAcdUmgA","action":"Initial GetUpdates", "result":"", "context":Reason: NEWLY_SUPPORTED_DATATYPE. cV=pLBwsrotQZubfPnAcdUmgA}
{"logTime": "0222/005710", "correlationVector":"pLBwsrotQZubfPnAcdUmgA.1","action":"SyncServerConnectionManagerRequest", "result":"SYNC_SERVER_OK", "context":{"environment":"Prod_westus_prod-s01-081-nam-westus", "migrationStage":"NotStarted", "server":"akswtt102000006"}}
{"logTime": "0222/005710", "correlationVector":"pLBwsrotQZubfPnAcdUmgA.2","action":"ProcessGetUpdates", "result":"Done", "context":{"dataType":"History", "deleted":"0", "process_failed_to_decrypt":"0", "process_pending_decryption":"0", "process_success":"121", "total":"121"}}
{"logTime": "0222/005710", "correlationVector":"pLBwsrotQZubfPnAcdUmgA.3","action":"GetUpdates Response", "result":"Success", "context":Received 121 update(s). cV=pLBwsrotQZubfPnAcdUmgA.0;server=akswtt102000006;cloudType=Consumer;environment=Prod_westus_prod-s01-081-nam-westus;migrationStage=NotStarted}
{"logTime": "0222/005710", "correlationVector":"zWryziOGlQsCJ/KoJDtAvq","action":"Normal GetUpdate request", "result":"", "context":cV=zWryziOGlQsCJ/KoJDtAvq
Nudged types: Sessions, Device Info, User Consents
Refresh requested types: Bookmarks, Preferences, Passwords, Autofill Profiles, Autofill, Extensions, Sessions, Extension settings, History Delete Directives, Device Info, User Consents, Send Tab To Self, Web Apps, History, Saved Tab Group, WebAuthn Credentials, Collection, Edge E Drop, Edge Hub App Usage, Edge Wallet, Edge Workspace, Encryption Keys}
{"logTime": "0222/005715", "correlationVector":"zWryziOGlQsCJ/KoJDtAvq.1","action":"SyncServerConnectionManagerRequest", "result":"SYNC_SERVER_OK", "context":{"environment":"Prod_westus_prod-s01-081-nam-westus", "migrationStage":"NotStarted", "server":"akswtt102000009"}}
{"logTime": "0222/005715", "correlationVector":"zWryziOGlQsCJ/KoJDtAvq.2","action":"GetUpdates Response", "result":"Success", "context":Received 0 update(s). cV=zWryziOGlQsCJ/KoJDtAvq.0;server=akswtt102000009;cloudType=Consumer;environment=Prod_westus_prod-s01-081-nam-westus;migrationStage=NotStarted}
{"logTime": "0222/005715", "correlationVector":"7AkrT2TJFXYjTlCz4Tha/g","action":"DoCompareDataConsistency requsted types: ", "result":"Bookmarks, Preferences, Passwords, Extensions, Extension settings, History Delete Directives, Send Tab To Self, Web Apps, History, Saved Tab Group, WebAuthn Credentials, Collection, Edge E Drop, Edge Wallet, Edge Workspace, Encryption Keys"}
{"logTime": "0222/005715", "correlationVector":"7AkrT2TJFXYjTlCz4Tha/g.0","action":"CompareDataConsistency result: ", "result":"Compare result: Encryption Keys is consistent. local entities count is: 1 local entities hash is: 3k2gC9aBWgFFzoDSqn6Vf0eIVMI="}
{"logTime": "0222/005715", "correlationVector":"7AkrT2TJFXYjTlCz4Tha/g.1","action":"CompareDataConsistency result: ", "result":"Compare result: Bookmarks is consistent. local entities count is: 2643 local entities hash is: P9GGWw/McMxRxHczOTQG/leCyis="}
{"logTime": "0222/005715", "correlationVector":"7AkrT2TJFXYjTlCz4Tha/g.2","action":"CompareDataConsistency result: ", "result":"Compare result: Preferences is consistent. local entities count is: 101 local entities hash is: EbBIMOQ1H19wPSnAQXPhMU7ZYFI="}
{"logTime": "0222/005715", "correlationVector":"7AkrT2TJFXYjTlCz4Tha/g.3","action":"CompareDataConsistency result: ", "result":"Compare result: Extensions is consistent. local entities count is: 0 local entities hash is: "}
{"logTime": "0222/005715", "correlationVector":"7AkrT2TJFXYjTlCz4Tha/g.4","action":"CompareDataConsistency result: ", "result":"Compare result: Extension settings is consistent. local entities count is: 0 local entities hash is: "}
{"logTime": "0222/005715", "correlationVector":"7AkrT2TJFXYjTlCz4Tha/g.5","action":"CompareDataConsistency result: ", "result":"Compare result: History Delete Directives is consistent. local entities count is: 0 local entities hash is: "}
{"logTime": "0222/005715", "correlationVector":"7AkrT2TJFXYjTlCz4Tha/g.6","action":"CompareDataConsistency result: ", "result":"Server did not send this Send Tab To Self local entities count is: 0 local entities hash is: "}
{"logTime": "0222/005715", "correlationVector":"7AkrT2TJFXYjTlCz4Tha/g.7","action":"CompareDataConsistency result: ", "result":"Compare result: Web Apps is consistent. local entities count is: 0 local entities hash is: "}
{"logTime": "0222/005715", "correlationVector":"7AkrT2TJFXYjTlCz4Tha/g.8","action":"CompareDataConsistency result: ", "result":"Server did not send this History local entities count is: 0 local entities hash is: "}
{"logTime": "0222/005715", "correlationVector":"7AkrT2TJFXYjTlCz4Tha/g.9","action":"CompareDataConsistency result: ", "result":"Compare result: Saved Tab Group is consistent. local entities count is: 0 local entities hash is: "}
{"logTime": "0222/005715", "correlationVector":"7AkrT2TJFXYjTlCz4Tha/g.10","action":"CompareDataConsistency result: ", "result":"Server did not send this WebAuthn Credentials local entities count is: 0 local entities hash is: "}
{"logTime": "0222/005715", "correlationVector":"7AkrT2TJFXYjTlCz4Tha/g.11","action":"CompareDataConsistency result: ", "result":"Compare result: Collection is consistent. local entities count is: 0 local entities hash is: "}
{"logTime": "0222/005715", "correlationVector":"7AkrT2TJFXYjTlCz4Tha/g.12","action":"CompareDataConsistency result: ", "result":"Compare result: Edge E Drop is consistent. local entities count is: 0 local entities hash is: "}
{"logTime": "0222/005715", "correlationVector":"7AkrT2TJFXYjTlCz4Tha/g.13","action":"CompareDataConsistency result: ", "result":"Compare result: Edge Wallet is consistent. local entities count is: 0 local entities hash is: "}
{"logTime": "0222/005715", "correlationVector":"7AkrT2TJFXYjTlCz4Tha/g.14","action":"CompareDataConsistency result: ", "result":"Server did not send this Edge Workspace local entities count is: 0 local entities hash is: "}
{"logTime": "0222/005715", "correlationVector":"7AkrT2TJFXYjTlCz4Tha/g.15","action":"CompareDataConsistency result: ", "result":"Compare result: Passwords is consistent. local entities count is: 1329 local entities hash is: uCHZ97WEl+eZYQ7EH0RScxpJnUk="}
{"logTime": "0222/005715", "correlationVector":"Yji4vWjRk7jSxkvhregGw4","action":"Commit Request", "result":"", "context":Item count: 5
Contributing types: Sessions, Device Info, User Consents}
{"logTime": "0222/005716", "correlationVector":"Yji4vWjRk7jSxkvhregGw4.1","action":"SyncServerConnectionManagerRequest", "result":"SYNC_SERVER_OK", "context":{"environment":"Prod_westus_prod-s01-081-nam-westus", "migrationStage":"NotStarted", "server":"akswtt102000000"}}
{"logTime": "0222/005716", "correlationVector":"Yji4vWjRk7jSxkvhregGw4.2","action":"Commit Response", "result":"Success", "context":Result: Success. cV=Yji4vWjRk7jSxkvhregGw4.0;server=akswtt102000000;cloudType=Consumer;environment=Prod_westus_prod-s01-081-nam-westus;migrationStage=NotStarted}
{"logTime": "0222/005716", "correlationVector":"","action":"DIAGNOSTIC_REQUEST|v1/diagnosticData/Diagnostic.SendCheckResult()|SUCCESS", "result":""}
{"logTime": "0222/021045", "correlationVector":"oQ9lE0Dj71K30xnUaEY8iY.1","action":"SyncServerConnectionManagerRequest", "result":"SYNC_SERVER_OK", "context":{"environment":"Prod_westus_prod-s01-081-nam-westus", "migrationStage":"NotStarted", "server":"akswtt102000012"}}
{"logTime": "0222/021045", "correlationVector":"oQ9lE0Dj71K30xnUaEY8iY.2","action":"ProcessGetUpdates", "result":"Done", "context":{"dataType":"Encryption Keys", "deleted":"0", "process_failed_to_decrypt":"0", "process_pending_decryption":"0", "process_success":"1", "total":"1"}}
{"logTime": "0222/021045", "correlationVector":"ZaU4xtI8OcsbwjoLuIQ+UR","action":"SyncServerConnectionManagerRequest", "result":"SYNC_SERVER_OK", "context":{"environment":"", "migrationStage":"", "server":""}}
{"logTime": "0222/021045", "correlationVector":"ZaU4xtI8OcsbwjoLuIQ+UR.0","action":"EncryptionKeysFetcher.DownloadKeys:", "result":"Success", "context":Key count: 10, Last key timestamp: 2026-01-04T01:44:34Z}
{"logTime": "0222/021045", "correlationVector":"ZaU4xtI8OcsbwjoLuIQ+UR.1","action":"EncryptionKeysManager::SetEncryptionKeys:", "result":"Success", "context":Key names[10]:[j6nA8JqyfB5qF9jGl6BD+BnD0VHQZHKvc/FpLS9yrEzM/ijaS7LmX/c34q5I0Sxk7GdBsAGjXh9+HMDAr369EA==][9Ofxp+0AR5cXUE1wOzStWOtSXEZxVTMnjkBx/sYeybpERSJSMdiBsT4e+9eZXxuCR0k7DZgSsb2bEooCZAZteA==][oJTpDwIxnSZnNEVeEwsicJWmDE40HkQEEcSTLr0Q1uQMLNZk1T4NsVSGGXQSusvpaSeg/NEpMfuMx/wSLdgP2A==][wN3xHa6qUAAyOPUa1Ved33fyjIuGeNMAKNFi7+5Z3TTASfMWP6GzVo0TITLkPhjq3a4kmvwG4fQ/EuE7M3uLZA==][2RJLujjTYHExkOzrtb+SwD4R1kz5lbFpxcCfoOsVf6ZmMi7gwWLDiv7pDBOK/vb/ZEXxHR7RzEC7OBNKET9Nfg==][5UM28hux94arF1WyLDqzlyvS+JBRWeyZLguGLeFdBgtSMPTzxgQ/rIdDvqUpumC0TPcOFGCAZmfOGksNZXX8PA==][m+lNCZRrNc+ui2+EPa76AoshlWdfQdtdPyTbxMO8yHZ30W6/xNAtqHsSHH0oUbDX42RR1G3jD6hIkJCl9qCytw==][cQHscMMimej7R5th/iITVA0lwZdfEIVozNWfy2TOby+pOcXj9wJNq1CjMRa41GrRXwEDxIlN37dAqEAh57PVIg==][euNdcKtdk7xdFD2AmoVf03wjGNaIzvidMKIGhDfQtVxh6QY3/Df68z0WIMtVo+IgS4H0m3prI6vut4cLXhI7/A==][AsWn3F1d6sAx5oxnn/SBdeUWGCE7Tpz2HAVxc0tL3hoK3Gt7A6JNUEuGwbognlZHt5yFupJz5qGR72pk4sos0A==]}
{"logTime": "0222/021045", "correlationVector":"ZaU4xtI8OcsbwjoLuIQ+UR.2","action":"EncryptionKeysManager::SetEncryptionKeysWithTimestamps:", "result":"Success", "context":Key timestamps[10]:[2021-03-31T01:44:28Z][2022-04-03T17:45:12Z][2022-10-01T04:46:25Z][2023-03-30T16:48:17Z][2023-09-28T15:16:21Z][2024-03-30T18:38:14Z][2024-09-27T02:18:29Z][2025-03-26T05:47:16Z][2025-07-07T14:44:18Z][2026-01-04T01:44:34Z]}
{"logTime": "0222/021045", "correlationVector":"oQ9lE0Dj71K30xnUaEY8iY","action":"Initial GetUpdates", "result":"", "context":Reason: NEW_CLIENT. cV=oQ9lE0Dj71K30xnUaEY8iY}
{"logTime": "0222/021045", "correlationVector":"oQ9lE0Dj71K30xnUaEY8iY.3","action":"GetUpdates Response", "result":"Success", "context":Received 1 update(s). cV=oQ9lE0Dj71K30xnUaEY8iY.0;server=akswtt102000012;cloudType=Consumer;environment=Prod_westus_prod-s01-081-nam-westus;migrationStage=NotStarted}
{"logTime": "0222/021045", "correlationVector":"YDDOyNDzF6J1LLjpsqYIsf","action":"Initial GetUpdates", "result":"", "context":Reason: NEWLY_SUPPORTED_DATATYPE. cV=YDDOyNDzF6J1LLjpsqYIsf}
{"logTime": "0222/021046", "correlationVector":"YDDOyNDzF6J1LLjpsqYIsf.1","action":"SyncServerConnectionManagerRequest", "result":"SYNC_SERVER_OK", "context":{"environment":"Prod_westus_prod-s01-081-nam-westus", "migrationStage":"NotStarted", "server":"akswtt10200000i"}}
{"logTime": "0222/021046", "correlationVector":"YDDOyNDzF6J1LLjpsqYIsf.2","action":"ProcessGetUpdates", "result":"Done", "context":{"dataType":"Passwords", "deleted":"10", "process_failed_to_decrypt":"0", "process_pending_decryption":"0", "process_success":"250", "total":"250"}}
{"logTime": "0222/021046", "correlationVector":"YDDOyNDzF6J1LLjpsqYIsf.3","action":"GetUpdates Response", "result":"Success", "context":Received 250 update(s). cV=YDDOyNDzF6J1LLjpsqYIsf.0;server=akswtt10200000i;cloudType=Consumer;environment=Prod_westus_prod-s01-081-nam-westus;migrationStage=NotStarted Some updates remain.}
{"logTime": "0222/021046", "correlationVector":"VVXEjEy+gbbbwhlIrQXWsa","action":"Initial GetUpdates", "result":"", "context":Reason: NEWLY_SUPPORTED_DATATYPE. cV=VVXEjEy+gbbbwhlIrQXWsa}
{"logTime": "0222/021047", "correlationVector":"VVXEjEy+gbbbwhlIrQXWsa.1","action":"SyncServerConnectionManagerRequest", "result":"SYNC_SERVER_OK", "context":{"environment":"Prod_westus_prod-s01-081-nam-westus", "migrationStage":"NotStarted", "server":"akswtt102000002"}}
{"logTime": "0222/021047", "correlationVector":"VVXEjEy+gbbbwhlIrQXWsa.2","action":"ProcessGetUpdates", "result":"Done", "context":{"dataType":"Passwords", "deleted":"0", "process_failed_to_decrypt":"0", "process_pending_decryption":"0", "process_success":"250", "total":"250"}}
{"logTime": "0222/021047", "correlationVector":"VVXEjEy+gbbbwhlIrQXWsa.3","action":"GetUpdates Response", "result":"Success", "context":Received 250 update(s). cV=VVXEjEy+gbbbwhlIrQXWsa.0;server=akswtt102000002;cloudType=Consumer;environment=Prod_westus_prod-s01-081-nam-westus;migrationStage=NotStarted Some updates remain.}
{"logTime": "0222/021047", "correlationVector":"m+Ypa1GVrTUV54BSlVkrpA","action":"Initial GetUpdates", "result":"", "context":Reason: NEWLY_SUPPORTED_DATATYPE. cV=m+Ypa1GVrTUV54BSlVkrpA}
{"logTime": "0222/021047", "correlationVector":"m+Ypa1GVrTUV54BSlVkrpA.1","action":"SyncServerConnectionManagerRequest", "result":"SYNC_SERVER_OK", "context":{"environment":"Prod_westus_prod-s01-081-nam-westus", "migrationStage":"NotStarted", "server":"akswtt10200000o"}}
{"logTime": "0222/021047", "correlationVector":"m+Ypa1GVrTUV54BSlVkrpA.2","action":"ProcessGetUpdates", "result":"Done", "context":{"dataType":"Passwords", "deleted":"0", "process_failed_to_decrypt":"0", "process_pending_decryption":"0", "process_success":"250", "total":"250"}}
{"logTime": "0222/021047", "correlationVector":"m+Ypa1GVrTUV54BSlVkrpA.3","action":"GetUpdates Response", "result":"Success", "context":Received 250 update(s). cV=m+Ypa1GVrTUV54BSlVkrpA.0;server=akswtt10200000o;cloudType=Consumer;environment=Prod_westus_prod-s01-081-nam-westus;migrationStage=NotStarted Some updates remain.}
{"logTime": "0222/021047", "correlationVector":"apy4mQ/rEfuePI0MMinKMd","action":"Initial GetUpdates", "result":"", "context":Reason: NEWLY_SUPPORTED_DATATYPE. cV=apy4mQ/rEfuePI0MMinKMd}
{"logTime": "0222/021048", "correlationVector":"apy4mQ/rEfuePI0MMinKMd.1","action":"SyncServerConnectionManagerRequest", "result":"SYNC_SERVER_OK", "context":{"environment":"Prod_westus_prod-s01-081-nam-westus", "migrationStage":"NotStarted", "server":"akswtt10200000a"}}
{"logTime": "0222/021048", "correlationVector":"apy4mQ/rEfuePI0MMinKMd.2","action":"ProcessGetUpdates", "result":"Done", "context":{"dataType":"Passwords", "deleted":"0", "process_failed_to_decrypt":"0", "process_pending_decryption":"0", "process_success":"250", "total":"250"}}
{"logTime": "0222/021048", "correlationVector":"apy4mQ/rEfuePI0MMinKMd.3","action":"GetUpdates Response", "result":"Success", "context":Received 250 update(s). cV=apy4mQ/rEfuePI0MMinKMd.0;server=akswtt10200000a;cloudType=Consumer;environment=Prod_westus_prod-s01-081-nam-westus;migrationStage=NotStarted Some updates remain.}
{"logTime": "0222/021048", "correlationVector":"XolVDgAMpySVz8fGgyzd2g","action":"Initial GetUpdates", "result":"", "context":Reason: NEWLY_SUPPORTED_DATATYPE. cV=XolVDgAMpySVz8fGgyzd2g}
{"logTime": "0222/021048", "correlationVector":"XolVDgAMpySVz8fGgyzd2g.1","action":"SyncServerConnectionManagerRequest", "result":"SYNC_SERVER_OK", "context":{"environment":"Prod_westus_prod-s01-081-nam-westus", "migrationStage":"NotStarted", "server":"akswtt102000002"}}
{"logTime": "0222/021048", "correlationVector":"XolVDgAMpySVz8fGgyzd2g.2","action":"ProcessGetUpdates", "result":"Done", "context":{"dataType":"Passwords", "deleted":"0", "process_failed_to_decrypt":"0", "process_pending_decryption":"0", "process_success":"250", "total":"250"}}
{"logTime": "0222/021048", "correlationVector":"XolVDgAMpySVz8fGgyzd2g.3","action":"GetUpdates Response", "result":"Success", "context":Received 250 update(s). cV=XolVDgAMpySVz8fGgyzd2g.0;server=akswtt102000002;cloudType=Consumer;environment=Prod_westus_prod-s01-081-nam-westus;migrationStage=NotStarted Some updates remain.}
{"logTime": "0222/021048", "correlationVector":"z/aLtxDLiCaxU1lTrdr7BX","action":"Initial GetUpdates", "result":"", "context":Reason: NEWLY_SUPPORTED_DATATYPE. cV=z/aLtxDLiCaxU1lTrdr7BX}
{"logTime": "0222/021048", "correlationVector":"z/aLtxDLiCaxU1lTrdr7BX.1","action":"SyncServerConnectionManagerRequest", "result":"SYNC_SERVER_OK", "context":{"environment":"Prod_westus_prod-s01-081-nam-westus", "migrationStage":"NotStarted", "server":"akswtt102000009"}}
{"logTime": "0222/021048", "correlationVector":"z/aLtxDLiCaxU1lTrdr7BX.2","action":"ProcessGetUpdates", "result":"Done", "context":{"dataType":"Passwords", "deleted":"0", "process_failed_to_decrypt":"0", "process_pending_decryption":"0", "process_success":"89", "total":"89"}}
{"logTime": "0222/021048", "correlationVector":"z/aLtxDLiCaxU1lTrdr7BX.3","action":"GetUpdates Response", "result":"Success", "context":Received 89 update(s). cV=z/aLtxDLiCaxU1lTrdr7BX.0;server=akswtt102000009;cloudType=Consumer;environment=Prod_westus_prod-s01-081-nam-westus;migrationStage=NotStarted}
{"logTime": "0222/021048", "correlationVector":"2VhEEAzdKzrSHGgFVNJJRN","action":"Normal GetUpdate request", "result":"", "context":cV=2VhEEAzdKzrSHGgFVNJJRN
Nudged types: Sessions, Device Info, History
Refresh requested types: Bookmarks, Preferences, Passwords, Autofill Profiles, Autofill, Extensions, Sessions, Extension settings, History Delete Directives, Device Info, User Consents, Send Tab To Self, Web Apps, History, Saved Tab Group, WebAuthn Credentials, Collection, Edge E Drop, Edge Hub App Usage, Edge Wallet, Edge Workspace, Encryption Keys}
{"logTime": "0222/021048", "correlationVector":"2VhEEAzdKzrSHGgFVNJJRN.1","action":"SyncServerConnectionManagerRequest", "result":"SYNC_SERVER_OK", "context":{"environment":"Prod_westus_prod-s01-081-nam-westus", "migrationStage":"NotStarted", "server":"akswtt10200000o"}}
{"logTime": "0222/021048", "correlationVector":"2VhEEAzdKzrSHGgFVNJJRN.2","action":"ProcessGetUpdates", "result":"Done", "context":{"dataType":"Preferences", "deleted":"0", "process_failed_to_decrypt":"0", "process_pending_decryption":"0", "process_success":"5", "total":"5"}}
{"logTime": "0222/021048", "correlationVector":"2VhEEAzdKzrSHGgFVNJJRN.3","action":"ProcessGetUpdates", "result":"Done", "context":{"dataType":"Sessions", "deleted":"0", "process_failed_to_decrypt":"0", "process_pending_decryption":"0", "process_success":"5", "total":"5"}}
{"logTime": "0222/021048", "correlationVector":"2VhEEAzdKzrSHGgFVNJJRN.4","action":"ProcessGetUpdates", "result":"Done", "context":{"dataType":"Device Info", "deleted":"0", "process_failed_to_decrypt":"0", "process_pending_decryption":"0", "process_success":"2", "total":"2"}}
{"logTime": "0222/021048", "correlationVector":"2VhEEAzdKzrSHGgFVNJJRN.5","action":"ProcessGetUpdates", "result":"Done", "context":{"dataType":"History", "deleted":"0", "process_failed_to_decrypt":"0", "process_pending_decryption":"0", "process_success":"3", "total":"3"}}
{"logTime": "0222/021048", "correlationVector":"2VhEEAzdKzrSHGgFVNJJRN.6","action":"GetUpdates Response", "result":"Success", "context":Received 15 update(s). cV=2VhEEAzdKzrSHGgFVNJJRN.0;server=akswtt10200000o;cloudType=Consumer;environment=Prod_westus_prod-s01-081-nam-westus;migrationStage=NotStarted}
{"logTime": "0222/021055", "correlationVector":"f772yiJwf6b8z8G22YU1AW","action":"Commit Request", "result":"", "context":Item count: 7
Contributing types: Preferences, Sessions, Device Info, History}
{"logTime": "0222/021056", "correlationVector":"f772yiJwf6b8z8G22YU1AW.1","action":"SyncServerConnectionManagerRequest", "result":"SYNC_SERVER_OK", "context":{"environment":"Prod_westus_prod-s01-081-nam-westus", "migrationStage":"NotStarted", "server":"akswtt10200000q"}}
{"logTime": "0222/021056", "correlationVector":"f772yiJwf6b8z8G22YU1AW.2","action":"Commit Response", "result":"Success", "context":Result: Success. cV=f772yiJwf6b8z8G22YU1AW.0;server=akswtt10200000q;cloudType=Consumer;environment=Prod_westus_prod-s01-081-nam-westus;migrationStage=NotStarted}
{"logTime": "0222/021056", "correlationVector":"f772yiJwf6b8z8G22YU1AW.3","action":"Commit.Sessions", "result":"Success", "context":{"id":"5e6ca501-3b51-4db5-9c20-4961776599f3", "isDeleted":"true", "size":"0", "version":"1771721830654"}}
{"logTime": "0222/024240", "correlationVector":"Aidaxa8Im1zGJvm5afT5Gb.1","action":"SyncServerConnectionManagerRequest", "result":"SYNC_SERVER_OK", "context":{"environment":"Prod_westus_prod-s01-081-nam-westus", "migrationStage":"NotStarted", "server":"akswtt102000004"}}
{"logTime": "0222/024240", "correlationVector":"Aidaxa8Im1zGJvm5afT5Gb.2","action":"ProcessGetUpdates", "result":"Done", "context":{"dataType":"Encryption Keys", "deleted":"0", "process_failed_to_decrypt":"0", "process_pending_decryption":"0", "process_success":"1", "total":"1"}}
{"logTime": "0222/024240", "correlationVector":"x4Pt3KF68n+gGah8lMsAVR","action":"SyncServerConnectionManagerRequest", "result":"SYNC_SERVER_OK", "context":{"environment":"", "migrationStage":"", "server":""}}
{"logTime": "0222/024240", "correlationVector":"x4Pt3KF68n+gGah8lMsAVR.0","action":"EncryptionKeysFetcher.DownloadKeys:", "result":"Success", "context":Key count: 10, Last key timestamp: 2026-01-04T01:44:34Z}
{"logTime": "0222/024240", "correlationVector":"x4Pt3KF68n+gGah8lMsAVR.1","action":"EncryptionKeysManager::SetEncryptionKeys:", "result":"Success", "context":Key names[10]:[j6nA8JqyfB5qF9jGl6BD+BnD0VHQZHKvc/FpLS9yrEzM/ijaS7LmX/c34q5I0Sxk7GdBsAGjXh9+HMDAr369EA==][9Ofxp+0AR5cXUE1wOzStWOtSXEZxVTMnjkBx/sYeybpERSJSMdiBsT4e+9eZXxuCR0k7DZgSsb2bEooCZAZteA==][oJTpDwIxnSZnNEVeEwsicJWmDE40HkQEEcSTLr0Q1uQMLNZk1T4NsVSGGXQSusvpaSeg/NEpMfuMx/wSLdgP2A==][wN3xHa6qUAAyOPUa1Ved33fyjIuGeNMAKNFi7+5Z3TTASfMWP6GzVo0TITLkPhjq3a4kmvwG4fQ/EuE7M3uLZA==][2RJLujjTYHExkOzrtb+SwD4R1kz5lbFpxcCfoOsVf6ZmMi7gwWLDiv7pDBOK/vb/ZEXxHR7RzEC7OBNKET9Nfg==][5UM28hux94arF1WyLDqzlyvS+JBRWeyZLguGLeFdBgtSMPTzxgQ/rIdDvqUpumC0TPcOFGCAZmfOGksNZXX8PA==][m+lNCZRrNc+ui2+EPa76AoshlWdfQdtdPyTbxMO8yHZ30W6/xNAtqHsSHH0oUbDX42RR1G3jD6hIkJCl9qCytw==][cQHscMMimej7R5th/iITVA0lwZdfEIVozNWfy2TOby+pOcXj9wJNq1CjMRa41GrRXwEDxIlN37dAqEAh57PVIg==][euNdcKtdk7xdFD2AmoVf03wjGNaIzvidMKIGhDfQtVxh6QY3/Df68z0WIMtVo+IgS4H0m3prI6vut4cLXhI7/A==][AsWn3F1d6sAx5oxnn/SBdeUWGCE7Tpz2HAVxc0tL3hoK3Gt7A6JNUEuGwbognlZHt5yFupJz5qGR72pk4sos0A==]}
{"logTime": "0222/024240", "correlationVector":"x4Pt3KF68n+gGah8lMsAVR.2","action":"EncryptionKeysManager::SetEncryptionKeysWithTimestamps:", "result":"Success", "context":Key timestamps[10]:[2021-03-31T01:44:28Z][2022-04-03T17:45:12Z][2022-10-01T04:46:25Z][2023-03-30T16:48:17Z][2023-09-28T15:16:21Z][2024-03-30T18:38:14Z][2024-09-27T02:18:29Z][2025-03-26T05:47:16Z][2025-07-07T14:44:18Z][2026-01-04T01:44:34Z]}
{"logTime": "0222/024240", "correlationVector":"Aidaxa8Im1zGJvm5afT5Gb","action":"Initial GetUpdates", "result":"", "context":Reason: NEW_CLIENT. cV=Aidaxa8Im1zGJvm5afT5Gb}
{"logTime": "0222/024240", "correlationVector":"Aidaxa8Im1zGJvm5afT5Gb.3","action":"GetUpdates Response", "result":"Success", "context":Received 1 update(s). cV=Aidaxa8Im1zGJvm5afT5Gb.0;server=akswtt102000004;cloudType=Consumer;environment=Prod_westus_prod-s01-081-nam-westus;migrationStage=NotStarted}
{"logTime": "0222/024240", "correlationVector":"OQnNj2DGJtFOiwlhvUWsIg","action":"Initial GetUpdates", "result":"", "context":Reason: NEWLY_SUPPORTED_DATATYPE. cV=OQnNj2DGJtFOiwlhvUWsIg}
{"logTime": "0222/024241", "correlationVector":"OQnNj2DGJtFOiwlhvUWsIg.1","action":"SyncServerConnectionManagerRequest", "result":"SYNC_SERVER_OK", "context":{"environment":"Prod_westus_prod-s01-081-nam-westus", "migrationStage":"NotStarted", "server":"akswtt10200001j"}}
{"logTime": "0222/024241", "correlationVector":"OQnNj2DGJtFOiwlhvUWsIg.2","action":"ProcessGetUpdates", "result":"Done", "context":{"dataType":"Preferences", "deleted":"1", "process_failed_to_decrypt":"0", "process_pending_decryption":"0", "process_success":"97", "total":"97"}}
{"logTime": "0222/024241", "correlationVector":"OQnNj2DGJtFOiwlhvUWsIg.3","action":"ProcessGetUpdates", "result":"Done", "context":{"dataType":"Passwords", "deleted":"10", "process_failed_to_decrypt":"0", "process_pending_decryption":"0", "process_success":"131", "total":"131"}}
{"logTime": "0222/024241", "correlationVector":"OQnNj2DGJtFOiwlhvUWsIg.4","action":"ProcessGetUpdates", "result":"Done", "context":{"dataType":"Device Info", "deleted":"0", "process_failed_to_decrypt":"0", "process_pending_decryption":"0", "process_success":"22", "total":"22"}}
{"logTime": "0222/024241", "correlationVector":"OQnNj2DGJtFOiwlhvUWsIg.5","action":"GetUpdates Response", "result":"Success", "context":Received 250 update(s). cV=OQnNj2DGJtFOiwlhvUWsIg.0;server=akswtt10200001j;cloudType=Consumer;environment=Prod_westus_prod-s01-081-nam-westus;migrationStage=NotStarted Some updates remain.}
{"logTime": "0222/024241", "correlationVector":"zD6wXfVz0Uov8g9VnCEpqy","action":"Initial GetUpdates", "result":"", "context":Reason: NEWLY_SUPPORTED_DATATYPE. cV=zD6wXfVz0Uov8g9VnCEpqy}
{"logTime": "0222/024241", "correlationVector":"zD6wXfVz0Uov8g9VnCEpqy.1","action":"SyncServerConnectionManagerRequest", "result":"SYNC_SERVER_OK", "context":{"environment":"Prod_westus_prod-s01-081-nam-westus", "migrationStage":"NotStarted", "server":"akswtt10200001a"}}
{"logTime": "0222/024241", "correlationVector":"zD6wXfVz0Uov8g9VnCEpqy.2","action":"ProcessGetUpdates", "result":"Done", "context":{"dataType":"Preferences", "deleted":"0", "process_failed_to_decrypt":"0", "process_pending_decryption":"0", "process_success":"1", "total":"1"}}
{"logTime": "0222/024241", "correlationVector":"zD6wXfVz0Uov8g9VnCEpqy.3","action":"ProcessGetUpdates", "result":"Done", "context":{"dataType":"Passwords", "deleted":"0", "process_failed_to_decrypt":"0", "process_pending_decryption":"0", "process_success":"248", "total":"248"}}
{"logTime": "0222/024241", "correlationVector":"zD6wXfVz0Uov8g9VnCEpqy.4","action":"ProcessGetUpdates", "result":"Done", "context":{"dataType":"Device Info", "deleted":"0", "process_failed_to_decrypt":"0", "process_pending_decryption":"0", "process_success":"1", "total":"1"}}
{"logTime": "0222/024241", "correlationVector":"zD6wXfVz0Uov8g9VnCEpqy.5","action":"GetUpdates Response", "result":"Success", "context":Received 250 update(s). cV=zD6wXfVz0Uov8g9VnCEpqy.0;server=akswtt10200001a;cloudType=Consumer;environment=Prod_westus_prod-s01-081-nam-westus;migrationStage=NotStarted Some updates remain.}
{"logTime": "0222/024241", "correlationVector":"l2NgfIhmBcXgG1kAJry8F0","action":"Initial GetUpdates", "result":"", "context":Reason: NEWLY_SUPPORTED_DATATYPE. cV=l2NgfIhmBcXgG1kAJry8F0}
{"logTime": "0222/024242", "correlationVector":"l2NgfIhmBcXgG1kAJry8F0.1","action":"SyncServerConnectionManagerRequest", "result":"SYNC_SERVER_OK", "context":{"environment":"Prod_westus_prod-s01-081-nam-westus", "migrationStage":"NotStarted", "server":"akswtt102000012"}}
{"logTime": "0222/024242", "correlationVector":"l2NgfIhmBcXgG1kAJry8F0.2","action":"ProcessGetUpdates", "result":"Done", "context":{"dataType":"Preferences", "deleted":"0", "process_failed_to_decrypt":"0", "process_pending_decryption":"0", "process_success":"2", "total":"2"}}
{"logTime": "0222/024242", "correlationVector":"l2NgfIhmBcXgG1kAJry8F0.3","action":"ProcessGetUpdates", "result":"Done", "context":{"dataType":"Passwords", "deleted":"0", "process_failed_to_decrypt":"0", "process_pending_decryption":"0", "process_success":"247", "total":"247"}}
{"logTime": "0222/024242", "correlationVector":"l2NgfIhmBcXgG1kAJry8F0.4","action":"ProcessGetUpdates", "result":"Done", "context":{"dataType":"Device Info", "deleted":"0", "process_failed_to_decrypt":"0", "process_pending_decryption":"0", "process_success":"1", "total":"1"}}
{"logTime": "0222/024242", "correlationVector":"l2NgfIhmBcXgG1kAJry8F0.5","action":"GetUpdates Response", "result":"Success", "context":Received 250 update(s). cV=l2NgfIhmBcXgG1kAJry8F0.0;server=akswtt102000012;cloudType=Consumer;environment=Prod_westus_prod-s01-081-nam-westus;migrationStage=NotStarted Some updates remain.}
{"logTime": "0222/024242", "correlationVector":"O9zSXfhGhQ+/Zs9q21i2gp","action":"Initial GetUpdates", "result":"", "context":Reason: NEWLY_SUPPORTED_DATATYPE. cV=O9zSXfhGhQ+/Zs9q21i2gp}
{"logTime": "0222/024242", "correlationVector":"O9zSXfhGhQ+/Zs9q21i2gp.1","action":"SyncServerConnectionManagerRequest", "result":"SYNC_SERVER_OK", "context":{"environment":"Prod_westus_prod-s01-081-nam-westus", "migrationStage":"NotStarted", "server":"akswtt102000003"}}
{"logTime": "0222/024242", "correlationVector":"O9zSXfhGhQ+/Zs9q21i2gp.2","action":"ProcessGetUpdates", "result":"Done", "context":{"dataType":"Preferences", "deleted":"1", "process_failed_to_decrypt":"0", "process_pending_decryption":"0", "process_success":"1", "total":"1"}}
{"logTime": "0222/024242", "correlationVector":"O9zSXfhGhQ+/Zs9q21i2gp.3","action":"ProcessGetUpdates", "result":"Done", "context":{"dataType":"Passwords", "deleted":"0", "process_failed_to_decrypt":"0", "process_pending_decryption":"0", "process_success":"249", "total":"249"}}
{"logTime": "0222/024242", "correlationVector":"O9zSXfhGhQ+/Zs9q21i2gp.4","action":"GetUpdates Response", "result":"Success", "context":Received 250 update(s). cV=O9zSXfhGhQ+/Zs9q21i2gp.0;server=akswtt102000003;cloudType=Consumer;environment=Prod_westus_prod-s01-081-nam-westus;migrationStage=NotStarted Some updates remain.}
{"logTime": "0222/024242", "correlationVector":"nSPh6KY3vlbsodcjAKKbFE","action":"Initial GetUpdates", "result":"", "context":Reason: NEWLY_SUPPORTED_DATATYPE. cV=nSPh6KY3vlbsodcjAKKbFE}
{"logTime": "0222/024243", "correlationVector":"nSPh6KY3vlbsodcjAKKbFE.1","action":"SyncServerConnectionManagerRequest", "result":"SYNC_SERVER_OK", "context":{"environment":"Prod_westus_prod-s01-081-nam-westus", "migrationStage":"NotStarted", "server":"akswtt10200000a"}}
{"logTime": "0222/024243", "correlationVector":"nSPh6KY3vlbsodcjAKKbFE.2","action":"ProcessGetUpdates", "result":"Done", "context":{"dataType":"Preferences", "deleted":"0", "process_failed_to_decrypt":"0", "process_pending_decryption":"0", "process_success":"1", "total":"1"}}
{"logTime": "0222/024243", "correlationVector":"nSPh6KY3vlbsodcjAKKbFE.3","action":"ProcessGetUpdates", "result":"Done", "context":{"dataType":"Passwords", "deleted":"0", "process_failed_to_decrypt":"0", "process_pending_decryption":"0", "process_success":"248", "total":"248"}}
{"logTime": "0222/024243", "correlationVector":"nSPh6KY3vlbsodcjAKKbFE.4","action":"ProcessGetUpdates", "result":"Done", "context":{"dataType":"Device Info", "deleted":"0", "process_failed_to_decrypt":"0", "process_pending_decryption":"0", "process_success":"1", "total":"1"}}
{"logTime": "0222/024243", "correlationVector":"nSPh6KY3vlbsodcjAKKbFE.5","action":"GetUpdates Response", "result":"Success", "context":Received 250 update(s). cV=nSPh6KY3vlbsodcjAKKbFE.0;server=akswtt10200000a;cloudType=Consumer;environment=Prod_westus_prod-s01-081-nam-westus;migrationStage=NotStarted Some updates remain.}
{"logTime": "0222/024243", "correlationVector":"IVbT0IQ96zQgo35UEo4qNB","action":"Initial GetUpdates", "result":"", "context":Reason: NEWLY_SUPPORTED_DATATYPE. cV=IVbT0IQ96zQgo35UEo4qNB}
{"logTime": "0222/024243", "correlationVector":"IVbT0IQ96zQgo35UEo4qNB.1","action":"SyncServerConnectionManagerRequest", "result":"SYNC_SERVER_OK", "context":{"environment":"Prod_westus_prod-s01-081-nam-westus", "migrationStage":"NotStarted", "server":"akswtt10200001l"}}
{"logTime": "0222/024243", "correlationVector":"IVbT0IQ96zQgo35UEo4qNB.2","action":"ProcessGetUpdates", "result":"Done", "context":{"dataType":"Preferences", "deleted":"0", "process_failed_to_decrypt":"0", "process_pending_decryption":"0", "process_success":"1", "total":"1"}}
{"logTime": "0222/024243", "correlationVector":"IVbT0IQ96zQgo35UEo4qNB.3","action":"ProcessGetUpdates", "result":"Done", "context":{"dataType":"Passwords", "deleted":"0", "process_failed_to_decrypt":"0", "process_pending_decryption":"0", "process_success":"216", "total":"216"}}
{"logTime": "0222/024243", "correlationVector":"IVbT0IQ96zQgo35UEo4qNB.4","action":"GetUpdates Response", "result":"Success", "context":Received 217 update(s). cV=IVbT0IQ96zQgo35UEo4qNB.0;server=akswtt10200001l;cloudType=Consumer;environment=Prod_westus_prod-s01-081-nam-westus;migrationStage=NotStarted}
{"logTime": "0222/024243", "correlationVector":"4aZg9dPJpzELIDDy+/ZSh8","action":"Initial GetUpdates", "result":"", "context":Reason: NEWLY_SUPPORTED_DATATYPE. cV=4aZg9dPJpzELIDDy+/ZSh8}
{"logTime": "0222/024243", "correlationVector":"4aZg9dPJpzELIDDy+/ZSh8.1","action":"SyncServerConnectionManagerRequest", "result":"SYNC_SERVER_OK", "context":{"environment":"Prod_westus_prod-s01-081-nam-westus", "migrationStage":"NotStarted", "server":"akswtt10200001h"}}
{"logTime": "0222/024243", "correlationVector":"4aZg9dPJpzELIDDy+/ZSh8.2","action":"ProcessGetUpdates", "result":"Done", "context":{"dataType":"Bookmarks", "deleted":"0", "process_failed_to_decrypt":"0", "process_pending_decryption":"0", "process_success":"268", "total":"268"}}
{"logTime": "0222/024243", "correlationVector":"4aZg9dPJpzELIDDy+/ZSh8.3","action":"GetUpdates Response", "result":"Success", "context":Received 268 update(s). cV=4aZg9dPJpzELIDDy+/ZSh8.0;server=akswtt10200001h;cloudType=Consumer;environment=Prod_westus_prod-s01-081-nam-westus;migrationStage=NotStarted Some updates remain.}
{"logTime": "0222/024243", "correlationVector":"E2KnLpSzZf9VJ0pPZ0Jf7C","action":"Initial GetUpdates", "result":"", "context":Reason: NEWLY_SUPPORTED_DATATYPE. cV=E2KnLpSzZf9VJ0pPZ0Jf7C}
{"logTime": "0222/024244", "correlationVector":"E2KnLpSzZf9VJ0pPZ0Jf7C.1","action":"SyncServerConnectionManagerRequest", "result":"SYNC_SERVER_OK", "context":{"environment":"Prod_westus_prod-s01-081-nam-westus", "migrationStage":"NotStarted", "server":"akswtt10200001b"}}
{"logTime": "0222/024244", "correlationVector":"E2KnLpSzZf9VJ0pPZ0Jf7C.2","action":"ProcessGetUpdates", "result":"Done", "context":{"dataType":"Bookmarks", "deleted":"0", "process_failed_to_decrypt":"0", "process_pending_decryption":"0", "process_success":"260", "total":"260"}}
{"logTime": "0222/024244", "correlationVector":"E2KnLpSzZf9VJ0pPZ0Jf7C.3","action":"GetUpdates Response", "result":"Success", "context":Received 260 update(s). cV=E2KnLpSzZf9VJ0pPZ0Jf7C.0;server=akswtt10200001b;cloudType=Consumer;environment=Prod_westus_prod-s01-081-nam-westus;migrationStage=NotStarted Some updates remain.}
{"logTime": "0222/024244", "correlationVector":"kt+nZaupUF4T+tDCM12SZ1","action":"Initial GetUpdates", "result":"", "context":Reason: NEWLY_SUPPORTED_DATATYPE. cV=kt+nZaupUF4T+tDCM12SZ1}
{"logTime": "0222/024244", "correlationVector":"kt+nZaupUF4T+tDCM12SZ1.1","action":"SyncServerConnectionManagerRequest", "result":"SYNC_SERVER_OK", "context":{"environment":"Prod_westus_prod-s01-081-nam-westus", "migrationStage":"NotStarted", "server":"akswtt102000006"}}
{"logTime": "0222/024244", "correlationVector":"kt+nZaupUF4T+tDCM12SZ1.2","action":"ProcessGetUpdates", "result":"Done", "context":{"dataType":"Bookmarks", "deleted":"0", "process_failed_to_decrypt":"0", "process_pending_decryption":"0", "process_success":"259", "total":"259"}}
{"logTime": "0222/024244", "correlationVector":"kt+nZaupUF4T+tDCM12SZ1.3","action":"GetUpdates Response", "result":"Success", "context":Received 259 update(s). cV=kt+nZaupUF4T+tDCM12SZ1.0;server=akswtt102000006;cloudType=Consumer;environment=Prod_westus_prod-s01-081-nam-westus;migrationStage=NotStarted Some updates remain.}
{"logTime": "0222/024244", "correlationVector":"g1H1McB/R43MpDXQEzpY+Z","action":"Initial GetUpdates", "result":"", "context":Reason: NEWLY_SUPPORTED_DATATYPE. cV=g1H1McB/R43MpDXQEzpY+Z}
{"logTime": "0222/024245", "correlationVector":"g1H1McB/R43MpDXQEzpY+Z.1","action":"SyncServerConnectionManagerRequest", "result":"SYNC_SERVER_OK", "context":{"environment":"Prod_westus_prod-s01-081-nam-westus", "migrationStage":"NotStarted", "server":"akswtt10200001a"}}
{"logTime": "0222/024245", "correlationVector":"g1H1McB/R43MpDXQEzpY+Z.2","action":"ProcessGetUpdates", "result":"Done", "context":{"dataType":"Bookmarks", "deleted":"0", "process_failed_to_decrypt":"0", "process_pending_decryption":"0", "process_success":"258", "total":"258"}}
{"logTime": "0222/024245", "correlationVector":"g1H1McB/R43MpDXQEzpY+Z.3","action":"GetUpdates Response", "result":"Success", "context":Received 258 update(s). cV=g1H1McB/R43MpDXQEzpY+Z.0;server=akswtt10200001a;cloudType=Consumer;environment=Prod_westus_prod-s01-081-nam-westus;migrationStage=NotStarted Some updates remain.}
{"logTime": "0222/024245", "correlationVector":"hxVBxJD6ThrWHRnb3Ks5Gu","action":"Initial GetUpdates", "result":"", "context":Reason: NEWLY_SUPPORTED_DATATYPE. cV=hxVBxJD6ThrWHRnb3Ks5Gu}
{"logTime": "0222/024245", "correlationVector":"hxVBxJD6ThrWHRnb3Ks5Gu.1","action":"SyncServerConnectionManagerRequest", "result":"SYNC_SERVER_OK", "context":{"environment":"Prod_westus_prod-s01-081-nam-westus", "migrationStage":"NotStarted", "server":"akswtt102000010"}}
{"logTime": "0222/024245", "correlationVector":"hxVBxJD6ThrWHRnb3Ks5Gu.2","action":"ProcessGetUpdates", "result":"Done", "context":{"dataType":"Bookmarks", "deleted":"0", "process_failed_to_decrypt":"0", "process_pending_decryption":"0", "process_success":"259", "total":"259"}}
{"logTime": "0222/024245", "correlationVector":"hxVBxJD6ThrWHRnb3Ks5Gu.3","action":"GetUpdates Response", "result":"Success", "context":Received 259 update(s). cV=hxVBxJD6ThrWHRnb3Ks5Gu.0;server=akswtt102000010;cloudType=Consumer;environment=Prod_westus_prod-s01-081-nam-westus;migrationStage=NotStarted Some updates remain.}
{"logTime": "0222/024245", "correlationVector":"G0QyE0m0KRU6jMttDQNPns","action":"Initial GetUpdates", "result":"", "context":Reason: NEWLY_SUPPORTED_DATATYPE. cV=G0QyE0m0KRU6jMttDQNPns}
{"logTime": "0222/024245", "correlationVector":"G0QyE0m0KRU6jMttDQNPns.1","action":"SyncServerConnectionManagerRequest", "result":"SYNC_SERVER_OK", "context":{"environment":"Prod_westus_prod-s01-081-nam-westus", "migrationStage":"NotStarted", "server":"akswtt10200000t"}}
{"logTime": "0222/024245", "correlationVector":"G0QyE0m0KRU6jMttDQNPns.2","action":"ProcessGetUpdates", "result":"Done", "context":{"dataType":"Bookmarks", "deleted":"0", "process_failed_to_decrypt":"0", "process_pending_decryption":"0", "process_success":"260", "total":"260"}}
{"logTime": "0222/024245", "correlationVector":"G0QyE0m0KRU6jMttDQNPns.3","action":"GetUpdates Response", "result":"Success", "context":Received 260 update(s). cV=G0QyE0m0KRU6jMttDQNPns.0;server=akswtt10200000t;cloudType=Consumer;environment=Prod_westus_prod-s01-081-nam-westus;migrationStage=NotStarted Some updates remain.}
{"logTime": "0222/024245", "correlationVector":"5gAw/Rfd8j6gR9s8bC0ciq","action":"Initial GetUpdates", "result":"", "context":Reason: NEWLY_SUPPORTED_DATATYPE. cV=5gAw/Rfd8j6gR9s8bC0ciq}
{"logTime": "0222/024246", "correlationVector":"5gAw/Rfd8j6gR9s8bC0ciq.1","action":"SyncServerConnectionManagerRequest", "result":"SYNC_SERVER_OK", "context":{"environment":"Prod_westus_prod-s01-081-nam-westus", "migrationStage":"NotStarted", "server":"akswtt102000017"}}
{"logTime": "0222/024246", "correlationVector":"5gAw/Rfd8j6gR9s8bC0ciq.2","action":"ProcessGetUpdates", "result":"Done", "context":{"dataType":"Bookmarks", "deleted":"0", "process_failed_to_decrypt":"0", "process_pending_decryption":"0", "process_success":"257", "total":"257"}}
{"logTime": "0222/024246", "correlationVector":"5gAw/Rfd8j6gR9s8bC0ciq.3","action":"GetUpdates Response", "result":"Success", "context":Received 257 update(s). cV=5gAw/Rfd8j6gR9s8bC0ciq.0;server=akswtt102000017;cloudType=Consumer;environment=Prod_westus_prod-s01-081-nam-westus;migrationStage=NotStarted Some updates remain.}
{"logTime": "0222/024246", "correlationVector":"OTNWsYVH+NSr38tyjMJqMA","action":"Initial GetUpdates", "result":"", "context":Reason: NEWLY_SUPPORTED_DATATYPE. cV=OTNWsYVH+NSr38tyjMJqMA}
{"logTime": "0222/024246", "correlationVector":"OTNWsYVH+NSr38tyjMJqMA.1","action":"SyncServerConnectionManagerRequest", "result":"SYNC_SERVER_OK", "context":{"environment":"Prod_westus_prod-s01-081-nam-westus", "migrationStage":"NotStarted", "server":"akswtt10200001f"}}
{"logTime": "0222/024246", "correlationVector":"OTNWsYVH+NSr38tyjMJqMA.2","action":"ProcessGetUpdates", "result":"Done", "context":{"dataType":"Bookmarks", "deleted":"0", "process_failed_to_decrypt":"0", "process_pending_decryption":"0", "process_success":"259", "total":"259"}}
{"logTime": "0222/024246", "correlationVector":"OTNWsYVH+NSr38tyjMJqMA.3","action":"GetUpdates Response", "result":"Success", "context":Received 259 update(s). cV=OTNWsYVH+NSr38tyjMJqMA.0;server=akswtt10200001f;cloudType=Consumer;environment=Prod_westus_prod-s01-081-nam-westus;migrationStage=NotStarted Some updates remain.}
{"logTime": "0222/024246", "correlationVector":"Nr03wno6X48lKWYVnV2MZb","action":"Initial GetUpdates", "result":"", "context":Reason: NEWLY_SUPPORTED_DATATYPE. cV=Nr03wno6X48lKWYVnV2MZb}
{"logTime": "0222/024247", "correlationVector":"Nr03wno6X48lKWYVnV2MZb.1","action":"SyncServerConnectionManagerRequest", "result":"SYNC_SERVER_OK", "context":{"environment":"Prod_westus_prod-s01-081-nam-westus", "migrationStage":"NotStarted", "server":"akswtt102000012"}}
{"logTime": "0222/024247", "correlationVector":"Nr03wno6X48lKWYVnV2MZb.2","action":"ProcessGetUpdates", "result":"Done", "context":{"dataType":"Bookmarks", "deleted":"0", "process_failed_to_decrypt":"0", "process_pending_decryption":"0", "process_success":"258", "total":"258"}}
{"logTime": "0222/024247", "correlationVector":"Nr03wno6X48lKWYVnV2MZb.3","action":"GetUpdates Response", "result":"Success", "context":Received 258 update(s). cV=Nr03wno6X48lKWYVnV2MZb.0;server=akswtt102000012;cloudType=Consumer;environment=Prod_westus_prod-s01-081-nam-westus;migrationStage=NotStarted Some updates remain.}
{"logTime": "0222/024247", "correlationVector":"lIywQ6Y8/yWT0fz+cQlE+Y","action":"Initial GetUpdates", "result":"", "context":Reason: NEWLY_SUPPORTED_DATATYPE. cV=lIywQ6Y8/yWT0fz+cQlE+Y}
{"logTime": "0222/024247", "correlationVector":"lIywQ6Y8/yWT0fz+cQlE+Y.1","action":"SyncServerConnectionManagerRequest", "result":"SYNC_SERVER_OK", "context":{"environment":"Prod_westus_prod-s01-081-nam-westus", "migrationStage":"NotStarted", "server":"akswtt102000006"}}
{"logTime": "0222/024247", "correlationVector":"lIywQ6Y8/yWT0fz+cQlE+Y.2","action":"ProcessGetUpdates", "result":"Done", "context":{"dataType":"Bookmarks", "deleted":"0", "process_failed_to_decrypt":"0", "process_pending_decryption":"0", "process_success":"259", "total":"259"}}
{"logTime": "0222/024247", "correlationVector":"lIywQ6Y8/yWT0fz+cQlE+Y.3","action":"GetUpdates Response", "result":"Success", "context":Received 259 update(s). cV=lIywQ6Y8/yWT0fz+cQlE+Y.0;server=akswtt102000006;cloudType=Consumer;environment=Prod_westus_prod-s01-081-nam-westus;migrationStage=NotStarted Some updates remain.}
{"logTime": "0222/024247", "correlationVector":"ty0FuTRv/it0qncxYHCQx6","action":"Initial GetUpdates", "result":"", "context":Reason: NEWLY_SUPPORTED_DATATYPE. cV=ty0FuTRv/it0qncxYHCQx6}
{"logTime": "0222/024247", "correlationVector":"ty0FuTRv/it0qncxYHCQx6.1","action":"SyncServerConnectionManagerRequest", "result":"SYNC_SERVER_OK", "context":{"environment":"Prod_westus_prod-s01-081-nam-westus", "migrationStage":"NotStarted", "server":"akswtt10200001h"}}
{"logTime": "0222/024247", "correlationVector":"ty0FuTRv/it0qncxYHCQx6.2","action":"ProcessGetUpdates", "result":"Done", "context":{"dataType":"Bookmarks", "deleted":"11", "process_failed_to_decrypt":"0", "process_pending_decryption":"0", "process_success":"63", "total":"63"}}
{"logTime": "0222/024247", "correlationVector":"ty0FuTRv/it0qncxYHCQx6.3","action":"GetUpdates Response", "result":"Success", "context":Received 63 update(s). cV=ty0FuTRv/it0qncxYHCQx6.0;server=akswtt10200001h;cloudType=Consumer;environment=Prod_westus_prod-s01-081-nam-westus;migrationStage=NotStarted}
{"logTime": "0222/024248", "correlationVector":"ojC2/VVvBqyF/ZAnke51ix","action":"Initial GetUpdates", "result":"", "context":Reason: NEWLY_SUPPORTED_DATATYPE. cV=ojC2/VVvBqyF/ZAnke51ix}
{"logTime": "0222/024248", "correlationVector":"ojC2/VVvBqyF/ZAnke51ix.1","action":"SyncServerConnectionManagerRequest", "result":"SYNC_SERVER_OK", "context":{"environment":"Prod_westus_prod-s01-081-nam-westus", "migrationStage":"NotStarted", "server":"akswtt102000003"}}
{"logTime": "0222/024248", "correlationVector":"ojC2/VVvBqyF/ZAnke51ix.2","action":"ProcessGetUpdates", "result":"Done", "context":{"dataType":"Autofill Profiles", "deleted":"0", "process_failed_to_decrypt":"0", "process_pending_decryption":"0", "process_success":"3", "total":"3"}}
{"logTime": "0222/024248", "correlationVector":"ojC2/VVvBqyF/ZAnke51ix.3","action":"ProcessGetUpdates", "result":"Done", "context":{"dataType":"Autofill", "deleted":"0", "process_failed_to_decrypt":"0", "process_pending_decryption":"0", "process_success":"53", "total":"53"}}
{"logTime": "0222/024248", "correlationVector":"ojC2/VVvBqyF/ZAnke51ix.4","action":"ProcessGetUpdates", "result":"Done", "context":{"dataType":"Sessions", "deleted":"165", "process_failed_to_decrypt":"0", "process_pending_decryption":"0", "process_success":"178", "total":"178"}}
{"logTime": "0222/024248", "correlationVector":"ojC2/VVvBqyF/ZAnke51ix.5","action":"ProcessGetUpdates", "result":"Done", "context":{"dataType":"Edge Hub App Usage", "deleted":"6", "process_failed_to_decrypt":"0", "process_pending_decryption":"0", "process_success":"16", "total":"16"}}
{"logTime": "0222/024248", "correlationVector":"ojC2/VVvBqyF/ZAnke51ix.6","action":"GetUpdates Response", "result":"Success", "context":Received 250 update(s). cV=ojC2/VVvBqyF/ZAnke51ix.0;server=akswtt102000003;cloudType=Consumer;environment=Prod_westus_prod-s01-081-nam-westus;migrationStage=NotStarted Some updates remain.}
{"logTime": "0222/024248", "correlationVector":"f8++4BJmiOwja4FHfV85Fr","action":"Initial GetUpdates", "result":"", "context":Reason: NEWLY_SUPPORTED_DATATYPE. cV=f8++4BJmiOwja4FHfV85Fr}
{"logTime": "0222/024248", "correlationVector":"f8++4BJmiOwja4FHfV85Fr.1","action":"SyncServerConnectionManagerRequest", "result":"SYNC_SERVER_OK", "context":{"environment":"Prod_westus_prod-s01-081-nam-westus", "migrationStage":"NotStarted", "server":"akswtt10200000p"}}
{"logTime": "0222/024248", "correlationVector":"f8++4BJmiOwja4FHfV85Fr.2","action":"ProcessGetUpdates", "result":"Done", "context":{"dataType":"Sessions", "deleted":"81", "process_failed_to_decrypt":"0", "process_pending_decryption":"0", "process_success":"94", "total":"94"}}
{"logTime": "0222/024248", "correlationVector":"f8++4BJmiOwja4FHfV85Fr.3","action":"GetUpdates Response", "result":"Success", "context":Received 94 update(s). cV=f8++4BJmiOwja4FHfV85Fr.0;server=akswtt10200000p;cloudType=Consumer;environment=Prod_westus_prod-s01-081-nam-westus;migrationStage=NotStarted}
{"logTime": "0222/024248", "correlationVector":"dVge21LsPgm/51BnQ9bplF","action":"Initial GetUpdates", "result":"", "context":Reason: NEWLY_SUPPORTED_DATATYPE. cV=dVge21LsPgm/51BnQ9bplF}
{"logTime": "0222/024249", "correlationVector":"dVge21LsPgm/51BnQ9bplF.1","action":"SyncServerConnectionManagerRequest", "result":"SYNC_SERVER_OK", "context":{"environment":"Prod_westus_prod-s01-081-nam-westus", "migrationStage":"NotStarted", "server":"akswtt10200001j"}}
{"logTime": "0222/024249", "correlationVector":"dVge21LsPgm/51BnQ9bplF.2","action":"ProcessGetUpdates", "result":"Done", "context":{"dataType":"History", "deleted":"0", "process_failed_to_decrypt":"0", "process_pending_decryption":"0", "process_success":"250", "total":"250"}}
{"logTime": "0222/024249", "correlationVector":"dVge21LsPgm/51BnQ9bplF.3","action":"GetUpdates Response", "result":"Success", "context":Received 250 update(s). cV=dVge21LsPgm/51BnQ9bplF.0;server=akswtt10200001j;cloudType=Consumer;environment=Prod_westus_prod-s01-081-nam-westus;migrationStage=NotStarted Some updates remain.}
{"logTime": "0222/024249", "correlationVector":"RzHztRkWAhDNERsSerqdub","action":"Initial GetUpdates", "result":"", "context":Reason: NEWLY_SUPPORTED_DATATYPE. cV=RzHztRkWAhDNERsSerqdub}
{"logTime": "0222/024249", "correlationVector":"RzHztRkWAhDNERsSerqdub.1","action":"SyncServerConnectionManagerRequest", "result":"SYNC_SERVER_OK", "context":{"environment":"Prod_westus_prod-s01-081-nam-westus", "migrationStage":"NotStarted", "server":"akswtt10200001c"}}
{"logTime": "0222/024249", "correlationVector":"RzHztRkWAhDNERsSerqdub.2","action":"ProcessGetUpdates", "result":"Done", "context":{"dataType":"History", "deleted":"0", "process_failed_to_decrypt":"0", "process_pending_decryption":"0", "process_success":"250", "total":"250"}}
{"logTime": "0222/024249", "correlationVector":"RzHztRkWAhDNERsSerqdub.3","action":"GetUpdates Response", "result":"Success", "context":Received 250 update(s). cV=RzHztRkWAhDNERsSerqdub.0;server=akswtt10200001c;cloudType=Consumer;environment=Prod_westus_prod-s01-081-nam-westus;migrationStage=NotStarted Some updates remain.}
{"logTime": "0222/024249", "correlationVector":"P9KMePgUizMCK/6g8sPDgB","action":"Initial GetUpdates", "result":"", "context":Reason: NEWLY_SUPPORTED_DATATYPE. cV=P9KMePgUizMCK/6g8sPDgB}
{"logTime": "0222/024249", "correlationVector":"P9KMePgUizMCK/6g8sPDgB.1","action":"SyncServerConnectionManagerRequest", "result":"SYNC_SERVER_OK", "context":{"environment":"Prod_westus_prod-s01-081-nam-westus", "migrationStage":"NotStarted", "server":"akswtt10200000b"}}
{"logTime": "0222/024249", "correlationVector":"P9KMePgUizMCK/6g8sPDgB.2","action":"ProcessGetUpdates", "result":"Done", "context":{"dataType":"History", "deleted":"0", "process_failed_to_decrypt":"0", "process_pending_decryption":"0", "process_success":"124", "total":"124"}}
{"logTime": "0222/024249", "correlationVector":"P9KMePgUizMCK/6g8sPDgB.3","action":"GetUpdates Response", "result":"Success", "context":Received 124 update(s). cV=P9KMePgUizMCK/6g8sPDgB.0;server=akswtt10200000b;cloudType=Consumer;environment=Prod_westus_prod-s01-081-nam-westus;migrationStage=NotStarted}
{"logTime": "0222/024251", "correlationVector":"3sd8fVaukLCktn9DogSuer","action":"Normal GetUpdate request", "result":"", "context":cV=3sd8fVaukLCktn9DogSuer
Nudged types: Sessions, Device Info
Refresh requested types: Bookmarks, Preferences, Passwords, Autofill Profiles, Autofill, Extensions, Sessions, Extension settings, History Delete Directives, Device Info, User Consents, Send Tab To Self, Web Apps, History, Saved Tab Group, WebAuthn Credentials, Collection, Edge E Drop, Edge Hub App Usage, Edge Wallet, Edge Workspace, Encryption Keys}
{"logTime": "0222/024252", "correlationVector":"3sd8fVaukLCktn9DogSuer.1","action":"SyncServerConnectionManagerRequest", "result":"SYNC_SERVER_OK", "context":{"environment":"Prod_westus_prod-s01-081-nam-westus", "migrationStage":"NotStarted", "server":"akswtt102000017"}}
{"logTime": "0222/024252", "correlationVector":"3sd8fVaukLCktn9DogSuer.2","action":"GetUpdates Response", "result":"Success", "context":Received 0 update(s). cV=3sd8fVaukLCktn9DogSuer.0;server=akswtt102000017;cloudType=Consumer;environment=Prod_westus_prod-s01-081-nam-westus;migrationStage=NotStarted}
{"logTime": "0222/024252", "correlationVector":"j5vNTOHuLXxukeF02gQlg4","action":"Commit Request", "result":"", "context":Item count: 3
Contributing types: Sessions, Device Info}
{"logTime": "0222/024252", "correlationVector":"j5vNTOHuLXxukeF02gQlg4.1","action":"SyncServerConnectionManagerRequest", "result":"SYNC_SERVER_OK", "context":{"environment":"Prod_westus_prod-s01-081-nam-westus", "migrationStage":"NotStarted", "server":"akswtt10200000b"}}
{"logTime": "0222/024252", "correlationVector":"j5vNTOHuLXxukeF02gQlg4.2","action":"Commit Response", "result":"Success", "context":Result: Success. cV=j5vNTOHuLXxukeF02gQlg4.0;server=akswtt10200000b;cloudType=Consumer;environment=Prod_westus_prod-s01-081-nam-westus;migrationStage=NotStarted}
{"logTime": "0222/024344", "correlationVector":"40LF7oq87xKsTKzVUcTGE/","action":"Commit Request", "result":"", "context":Item count: 40
Contributing types: Passwords}
{"logTime": "0222/024345", "correlationVector":"40LF7oq87xKsTKzVUcTGE/.1","action":"SyncServerConnectionManagerRequest", "result":"SYNC_SERVER_OK", "context":{"environment":"Prod_westus_prod-s01-081-nam-westus", "migrationStage":"NotStarted", "server":"akswtt102000010"}}
{"logTime": "0222/024345", "correlationVector":"40LF7oq87xKsTKzVUcTGE/.2","action":"Commit Response", "result":"Success", "context":Result: Success. cV=40LF7oq87xKsTKzVUcTGE/.0;server=akswtt102000010;cloudType=Consumer;environment=Prod_westus_prod-s01-081-nam-westus;migrationStage=NotStarted}
{"logTime": "0222/024345", "correlationVector":"SwVPtzYvK6w1jccD0UCba1","action":"Commit Request", "result":"", "context":Item count: 40
Contributing types: Passwords}
{"logTime": "0222/024347", "correlationVector":"SwVPtzYvK6w1jccD0UCba1.1","action":"SyncServerConnectionManagerRequest", "result":"SYNC_SERVER_OK", "context":{"environment":"Prod_westus_prod-s01-081-nam-westus", "migrationStage":"NotStarted", "server":"akswtt10200000p"}}
{"logTime": "0222/024347", "correlationVector":"SwVPtzYvK6w1jccD0UCba1.2","action":"Commit Response", "result":"Success", "context":Result: Success. cV=SwVPtzYvK6w1jccD0UCba1.0;server=akswtt10200000p;cloudType=Consumer;environment=Prod_westus_prod-s01-081-nam-westus;migrationStage=NotStarted}
{"logTime": "0222/024347", "correlationVector":"tatv4E1tNXcKxUhjzL4WWC","action":"Commit Request", "result":"", "context":Item count: 40
Contributing types: Passwords}
{"logTime": "0222/024349", "correlationVector":"tatv4E1tNXcKxUhjzL4WWC.1","action":"SyncServerConnectionManagerRequest", "result":"SYNC_SERVER_OK", "context":{"environment":"Prod_westus_prod-s01-081-nam-westus", "migrationStage":"NotStarted", "server":"akswtt102000006"}}
{"logTime": "0222/024349", "correlationVector":"tatv4E1tNXcKxUhjzL4WWC.2","action":"Commit Response", "result":"Success", "context":Result: Success. cV=tatv4E1tNXcKxUhjzL4WWC.0;server=akswtt102000006;cloudType=Consumer;environment=Prod_westus_prod-s01-081-nam-westus;migrationStage=NotStarted}
{"logTime": "0222/024349", "correlationVector":"AlfIkS4p7Kja4d/8undCde","action":"Commit Request", "result":"", "context":Item count: 40
Contributing types: Passwords}
{"logTime": "0222/024351", "correlationVector":"AlfIkS4p7Kja4d/8undCde.1","action":"SyncServerConnectionManagerRequest", "result":"SYNC_SERVER_OK", "context":{"environment":"Prod_westus_prod-s01-081-nam-westus", "migrationStage":"NotStarted", "server":"akswtt102000002"}}
{"logTime": "0222/024351", "correlationVector":"AlfIkS4p7Kja4d/8undCde.2","action":"Commit Response", "result":"Success", "context":Result: Success. cV=AlfIkS4p7Kja4d/8undCde.0;server=akswtt102000002;cloudType=Consumer;environment=Prod_westus_prod-s01-081-nam-westus;migrationStage=NotStarted}
{"logTime": "0222/024351", "correlationVector":"GPStHUX6j/cNJs+4JnjEvO","action":"Commit Request", "result":"", "context":Item count: 40
Contributing types: Passwords}
{"logTime": "0222/024352", "correlationVector":"GPStHUX6j/cNJs+4JnjEvO.1","action":"SyncServerConnectionManagerRequest", "result":"SYNC_SERVER_OK", "context":{"environment":"Prod_westus_prod-s01-081-nam-westus", "migrationStage":"NotStarted", "server":"akswtt10200001h"}}
{"logTime": "0222/024352", "correlationVector":"GPStHUX6j/cNJs+4JnjEvO.2","action":"Commit Response", "result":"Success", "context":Result: Success. cV=GPStHUX6j/cNJs+4JnjEvO.0;server=akswtt10200001h;cloudType=Consumer;environment=Prod_westus_prod-s01-081-nam-westus;migrationStage=NotStarted}
{"logTime": "0222/024352", "correlationVector":"UtdxJECqL8uz0Bc9+mF4FP","action":"Commit Request", "result":"", "context":Item count: 40
Contributing types: Passwords}
{"logTime": "0222/024354", "correlationVector":"UtdxJECqL8uz0Bc9+mF4FP.1","action":"SyncServerConnectionManagerRequest", "result":"SYNC_SERVER_OK", "context":{"environment":"Prod_westus_prod-s01-081-nam-westus", "migrationStage":"NotStarted", "server":"akswtt102000001"}}
{"logTime": "0222/024354", "correlationVector":"UtdxJECqL8uz0Bc9+mF4FP.2","action":"Commit Response", "result":"Success", "context":Result: Success. cV=UtdxJECqL8uz0Bc9+mF4FP.0;server=akswtt102000001;cloudType=Consumer;environment=Prod_westus_prod-s01-081-nam-westus;migrationStage=NotStarted}
{"logTime": "0222/024354", "correlationVector":"42kcwj2NCtBbSLUKEn9bwF","action":"Commit Request", "result":"", "context":Item count: 40
Contributing types: Passwords}
{"logTime": "0222/024355", "correlationVector":"42kcwj2NCtBbSLUKEn9bwF.1","action":"SyncServerConnectionManagerRequest", "result":"SYNC_SERVER_OK", "context":{"environment":"Prod_westus_prod-s01-081-nam-westus", "migrationStage":"NotStarted", "server":"akswtt102000004"}}
{"logTime": "0222/024355", "correlationVector":"42kcwj2NCtBbSLUKEn9bwF.2","action":"Commit Response", "result":"Success", "context":Result: Success. cV=42kcwj2NCtBbSLUKEn9bwF.0;server=akswtt102000004;cloudType=Consumer;environment=Prod_westus_prod-s01-081-nam-westus;migrationStage=NotStarted}
{"logTime": "0222/024355", "correlationVector":"3xG2XX/0dBOeQdl/qxWWiC","action":"Commit Request", "result":"", "context":Item count: 40
Contributing types: Passwords}
{"logTime": "0222/024357", "correlationVector":"3xG2XX/0dBOeQdl/qxWWiC.1","action":"SyncServerConnectionManagerRequest", "result":"SYNC_SERVER_OK", "context":{"environment":"Prod_westus_prod-s01-081-nam-westus", "migrationStage":"NotStarted", "server":"akswtt10200001f"}}
{"logTime": "0222/024357", "correlationVector":"3xG2XX/0dBOeQdl/qxWWiC.2","action":"Commit Response", "result":"Success", "context":Result: Success. cV=3xG2XX/0dBOeQdl/qxWWiC.0;server=akswtt10200001f;cloudType=Consumer;environment=Prod_westus_prod-s01-081-nam-westus;migrationStage=NotStarted}
{"logTime": "0222/024357", "correlationVector":"tVWgN0a3GMg3g9WruVAPRY","action":"Commit Request", "result":"", "context":Item count: 40
Contributing types: Passwords}
{"logTime": "0222/024358", "correlationVector":"tVWgN0a3GMg3g9WruVAPRY.1","action":"SyncServerConnectionManagerRequest", "result":"SYNC_SERVER_OK", "context":{"environment":"Prod_westus_prod-s01-081-nam-westus", "migrationStage":"NotStarted", "server":"akswtt10200000a"}}
{"logTime": "0222/024358", "correlationVector":"tVWgN0a3GMg3g9WruVAPRY.2","action":"Commit Response", "result":"Success", "context":Result: Success. cV=tVWgN0a3GMg3g9WruVAPRY.0;server=akswtt10200000a;cloudType=Consumer;environment=Prod_westus_prod-s01-081-nam-westus;migrationStage=NotStarted}
{"logTime": "0222/024358", "correlationVector":"02CIdg8GVArW1m3Y//Yp5i","action":"Commit Request", "result":"", "context":Item count: 40
Contributing types: Passwords}
{"logTime": "0222/024400", "correlationVector":"02CIdg8GVArW1m3Y//Yp5i.1","action":"SyncServerConnectionManagerRequest", "result":"SYNC_SERVER_OK", "context":{"environment":"Prod_westus_prod-s01-081-nam-westus", "migrationStage":"NotStarted", "server":"akswtt102000006"}}
{"logTime": "0222/024400", "correlationVector":"02CIdg8GVArW1m3Y//Yp5i.2","action":"Commit Response", "result":"Success", "context":Result: Success. cV=02CIdg8GVArW1m3Y//Yp5i.0;server=akswtt102000006;cloudType=Consumer;environment=Prod_westus_prod-s01-081-nam-westus;migrationStage=NotStarted}
{"logTime": "0222/024400", "correlationVector":"ZqDWV+3WlFIPCvujiyl8Ms","action":"Commit Request", "result":"", "context":Item count: 40
Contributing types: Passwords}
{"logTime": "0222/024402", "correlationVector":"ZqDWV+3WlFIPCvujiyl8Ms.1","action":"SyncServerConnectionManagerRequest", "result":"SYNC_SERVER_OK", "context":{"environment":"Prod_westus_prod-s01-081-nam-westus", "migrationStage":"NotStarted", "server":"akswtt10200001n"}}
{"logTime": "0222/024402", "correlationVector":"ZqDWV+3WlFIPCvujiyl8Ms.2","action":"Commit Response", "result":"Success", "context":Result: Success. cV=ZqDWV+3WlFIPCvujiyl8Ms.0;server=akswtt10200001n;cloudType=Consumer;environment=Prod_westus_prod-s01-081-nam-westus;migrationStage=NotStarted}
{"logTime": "0222/024402", "correlationVector":"9vvO7+nuynZ/T+X+1u7ozn","action":"Commit Request", "result":"", "context":Item count: 40
Contributing types: Passwords}
{"logTime": "0222/024403", "correlationVector":"9vvO7+nuynZ/T+X+1u7ozn.1","action":"SyncServerConnectionManagerRequest", "result":"SYNC_SERVER_OK", "context":{"environment":"Prod_westus_prod-s01-081-nam-westus", "migrationStage":"NotStarted", "server":"akswtt102000005"}}
{"logTime": "0222/024403", "correlationVector":"9vvO7+nuynZ/T+X+1u7ozn.2","action":"Commit Response", "result":"Success", "context":Result: Success. cV=9vvO7+nuynZ/T+X+1u7ozn.0;server=akswtt102000005;cloudType=Consumer;environment=Prod_westus_prod-s01-081-nam-westus;migrationStage=NotStarted}
{"logTime": "0222/024403", "correlationVector":"6MChM0cqhpmFA6cU90I/CB","action":"Commit Request", "result":"", "context":Item count: 40
Contributing types: Passwords}
{"logTime": "0222/024405", "correlationVector":"6MChM0cqhpmFA6cU90I/CB.1","action":"SyncServerConnectionManagerRequest", "result":"SYNC_SERVER_OK", "context":{"environment":"Prod_westus_prod-s01-081-nam-westus", "migrationStage":"NotStarted", "server":"akswtt10200001a"}}
{"logTime": "0222/024405", "correlationVector":"6MChM0cqhpmFA6cU90I/CB.2","action":"Commit Response", "result":"Success", "context":Result: Success. cV=6MChM0cqhpmFA6cU90I/CB.0;server=akswtt10200001a;cloudType=Consumer;environment=Prod_westus_prod-s01-081-nam-westus;migrationStage=NotStarted}
{"logTime": "0222/024405", "correlationVector":"yStQXi69OMagxhtzEgJaA0","action":"Commit Request", "result":"", "context":Item count: 40
Contributing types: Passwords}
{"logTime": "0222/024406", "correlationVector":"yStQXi69OMagxhtzEgJaA0.1","action":"SyncServerConnectionManagerRequest", "result":"SYNC_SERVER_OK", "context":{"environment":"Prod_westus_prod-s01-081-nam-westus", "migrationStage":"NotStarted", "server":"akswtt10200001n"}}
{"logTime": "0222/024406", "correlationVector":"yStQXi69OMagxhtzEgJaA0.2","action":"Commit Response", "result":"Success", "context":Result: Success. cV=yStQXi69OMagxhtzEgJaA0.0;server=akswtt10200001n;cloudType=Consumer;environment=Prod_westus_prod-s01-081-nam-westus;migrationStage=NotStarted}
{"logTime": "0222/024406", "correlationVector":"/pzDUHN8vQgxmDrjFCc8Xa","action":"Commit Request", "result":"", "context":Item count: 40
Contributing types: Passwords}
{"logTime": "0222/024408", "correlationVector":"/pzDUHN8vQgxmDrjFCc8Xa.1","action":"SyncServerConnectionManagerRequest", "result":"SYNC_SERVER_OK", "context":{"environment":"Prod_westus_prod-s01-081-nam-westus", "migrationStage":"NotStarted", "server":"akswtt10200001f"}}
{"logTime": "0222/024408", "correlationVector":"/pzDUHN8vQgxmDrjFCc8Xa.2","action":"Commit Response", "result":"Success", "context":Result: Success. cV=/pzDUHN8vQgxmDrjFCc8Xa.0;server=akswtt10200001f;cloudType=Consumer;environment=Prod_westus_prod-s01-081-nam-westus;migrationStage=NotStarted}
{"logTime": "0222/024408", "correlationVector":"lJGd83UjupJMTviG2pKdy2","action":"Commit Request", "result":"", "context":Item count: 40
Contributing types: Passwords}
{"logTime": "0222/024409", "correlationVector":"lJGd83UjupJMTviG2pKdy2.1","action":"SyncServerConnectionManagerRequest", "result":"SYNC_SERVER_OK", "context":{"environment":"Prod_westus_prod-s01-081-nam-westus", "migrationStage":"NotStarted", "server":"akswtt10200001j"}}
{"logTime": "0222/024409", "correlationVector":"lJGd83UjupJMTviG2pKdy2.2","action":"Commit Response", "result":"Success", "context":Result: Success. cV=lJGd83UjupJMTviG2pKdy2.0;server=akswtt10200001j;cloudType=Consumer;environment=Prod_westus_prod-s01-081-nam-westus;migrationStage=NotStarted}
{"logTime": "0222/024409", "correlationVector":"jex2hidKhZBTh1J2ncit3v","action":"Commit Request", "result":"", "context":Item count: 40
Contributing types: Passwords}
{"logTime": "0222/024411", "correlationVector":"jex2hidKhZBTh1J2ncit3v.1","action":"SyncServerConnectionManagerRequest", "result":"SYNC_SERVER_OK", "context":{"environment":"Prod_westus_prod-s01-081-nam-westus", "migrationStage":"NotStarted", "server":"akswtt10200001l"}}
{"logTime": "0222/024411", "correlationVector":"jex2hidKhZBTh1J2ncit3v.2","action":"Commit Response", "result":"Success", "context":Result: Success. cV=jex2hidKhZBTh1J2ncit3v.0;server=akswtt10200001l;cloudType=Consumer;environment=Prod_westus_prod-s01-081-nam-westus;migrationStage=NotStarted}
{"logTime": "0222/024411", "correlationVector":"yMLaWBiZgW2OpEpRSZCtu8","action":"Commit Request", "result":"", "context":Item count: 40
Contributing types: Passwords}
{"logTime": "0222/024412", "correlationVector":"yMLaWBiZgW2OpEpRSZCtu8.1","action":"SyncServerConnectionManagerRequest", "result":"SYNC_SERVER_OK", "context":{"environment":"Prod_westus_prod-s01-081-nam-westus", "migrationStage":"NotStarted", "server":"akswtt10200001m"}}
{"logTime": "0222/024412", "correlationVector":"yMLaWBiZgW2OpEpRSZCtu8.2","action":"Commit Response", "result":"Success", "context":Result: Success. cV=yMLaWBiZgW2OpEpRSZCtu8.0;server=akswtt10200001m;cloudType=Consumer;environment=Prod_westus_prod-s01-081-nam-westus;migrationStage=NotStarted}
{"logTime": "0222/024412", "correlationVector":"rVKDJ2w4qmqZ7gE7QKzv1S","action":"Commit Request", "result":"", "context":Item count: 40
Contributing types: Passwords}
{"logTime": "0222/024414", "correlationVector":"rVKDJ2w4qmqZ7gE7QKzv1S.1","action":"SyncServerConnectionManagerRequest", "result":"SYNC_SERVER_OK", "context":{"environment":"Prod_westus_prod-s01-081-nam-westus", "migrationStage":"NotStarted", "server":"akswtt10200000i"}}
{"logTime": "0222/024414", "correlationVector":"rVKDJ2w4qmqZ7gE7QKzv1S.2","action":"Commit Response", "result":"Success", "context":Result: Success. cV=rVKDJ2w4qmqZ7gE7QKzv1S.0;server=akswtt10200000i;cloudType=Consumer;environment=Prod_westus_prod-s01-081-nam-westus;migrationStage=NotStarted}
{"logTime": "0222/024414", "correlationVector":"BqVuKryKCSrNrbJfpjti3o","action":"Commit Request", "result":"", "context":Item count: 40
Contributing types: Passwords}
{"logTime": "0222/024416", "correlationVector":"BqVuKryKCSrNrbJfpjti3o.1","action":"SyncServerConnectionManagerRequest", "result":"SYNC_SERVER_OK", "context":{"environment":"Prod_westus_prod-s01-081-nam-westus", "migrationStage":"NotStarted", "server":"akswtt10200000k"}}
{"logTime": "0222/024416", "correlationVector":"BqVuKryKCSrNrbJfpjti3o.2","action":"Commit Response", "result":"Success", "context":Result: Success. cV=BqVuKryKCSrNrbJfpjti3o.0;server=akswtt10200000k;cloudType=Consumer;environment=Prod_westus_prod-s01-081-nam-westus;migrationStage=NotStarted}
{"logTime": "0222/024416", "correlationVector":"VGe8BlUpv6fd9B9PS94+6U","action":"Commit Request", "result":"", "context":Item count: 40
Contributing types: Passwords}
{"logTime": "0222/024417", "correlationVector":"VGe8BlUpv6fd9B9PS94+6U.1","action":"SyncServerConnectionManagerRequest", "result":"SYNC_SERVER_OK", "context":{"environment":"Prod_westus_prod-s01-081-nam-westus", "migrationStage":"NotStarted", "server":"akswtt10200001c"}}
{"logTime": "0222/024417", "correlationVector":"VGe8BlUpv6fd9B9PS94+6U.2","action":"Commit Response", "result":"Success", "context":Result: Success. cV=VGe8BlUpv6fd9B9PS94+6U.0;server=akswtt10200001c;cloudType=Consumer;environment=Prod_westus_prod-s01-081-nam-westus;migrationStage=NotStarted}
{"logTime": "0222/024417", "correlationVector":"WXRnKLtpeHQvZY2pvYgyPu","action":"Commit Request", "result":"", "context":Item count: 40
Contributing types: Passwords}
{"logTime": "0222/024419", "correlationVector":"WXRnKLtpeHQvZY2pvYgyPu.1","action":"SyncServerConnectionManagerRequest", "result":"SYNC_SERVER_OK", "context":{"environment":"Prod_westus_prod-s01-081-nam-westus", "migrationStage":"NotStarted", "server":"akswtt10200001m"}}
{"logTime": "0222/024419", "correlationVector":"WXRnKLtpeHQvZY2pvYgyPu.2","action":"Commit Response", "result":"Success", "context":Result: Success. cV=WXRnKLtpeHQvZY2pvYgyPu.0;server=akswtt10200001m;cloudType=Consumer;environment=Prod_westus_prod-s01-081-nam-westus;migrationStage=NotStarted}
{"logTime": "0222/024419", "correlationVector":"8dQcaL3D1QA2FH6MhChONT","action":"Commit Request", "result":"", "context":Item count: 40
Contributing types: Passwords}
{"logTime": "0222/024421", "correlationVector":"8dQcaL3D1QA2FH6MhChONT.1","action":"SyncServerConnectionManagerRequest", "result":"SYNC_SERVER_OK", "context":{"environment":"Prod_westus_prod-s01-081-nam-westus", "migrationStage":"NotStarted", "server":"akswtt10200001c"}}
{"logTime": "0222/024421", "correlationVector":"8dQcaL3D1QA2FH6MhChONT.2","action":"Commit Response", "result":"Success", "context":Result: Success. cV=8dQcaL3D1QA2FH6MhChONT.0;server=akswtt10200001c;cloudType=Consumer;environment=Prod_westus_prod-s01-081-nam-westus;migrationStage=NotStarted}
{"logTime": "0222/024421", "correlationVector":"HjqSGwI1JBCQtnQEM61Zte","action":"Commit Request", "result":"", "context":Item count: 40
Contributing types: Passwords}
{"logTime": "0222/024422", "correlationVector":"HjqSGwI1JBCQtnQEM61Zte.1","action":"SyncServerConnectionManagerRequest", "result":"SYNC_SERVER_OK", "context":{"environment":"Prod_westus_prod-s01-081-nam-westus", "migrationStage":"NotStarted", "server":"akswtt10200001g"}}
{"logTime": "0222/024422", "correlationVector":"HjqSGwI1JBCQtnQEM61Zte.2","action":"Commit Response", "result":"Success", "context":Result: Success. cV=HjqSGwI1JBCQtnQEM61Zte.0;server=akswtt10200001g;cloudType=Consumer;environment=Prod_westus_prod-s01-081-nam-westus;migrationStage=NotStarted}
{"logTime": "0222/024422", "correlationVector":"9sSMWjiaCmBLcWudT3XfPy","action":"Commit Request", "result":"", "context":Item count: 40
Contributing types: Passwords}
{"logTime": "0222/024424", "correlationVector":"9sSMWjiaCmBLcWudT3XfPy.1","action":"SyncServerConnectionManagerRequest", "result":"SYNC_SERVER_OK", "context":{"environment":"Prod_westus_prod-s01-081-nam-westus", "migrationStage":"NotStarted", "server":"akswtt10200001i"}}
{"logTime": "0222/024424", "correlationVector":"9sSMWjiaCmBLcWudT3XfPy.2","action":"Commit Response", "result":"Success", "context":Result: Success. cV=9sSMWjiaCmBLcWudT3XfPy.0;server=akswtt10200001i;cloudType=Consumer;environment=Prod_westus_prod-s01-081-nam-westus;migrationStage=NotStarted}
{"logTime": "0222/024424", "correlationVector":"axBn/4BLhBTiIp/a57/8qn","action":"Commit Request", "result":"", "context":Item count: 40
Contributing types: Passwords}
{"logTime": "0222/024425", "correlationVector":"axBn/4BLhBTiIp/a57/8qn.1","action":"SyncServerConnectionManagerRequest", "result":"SYNC_SERVER_OK", "context":{"environment":"Prod_westus_prod-s01-081-nam-westus", "migrationStage":"NotStarted", "server":"akswtt10200001n"}}
{"logTime": "0222/024425", "correlationVector":"axBn/4BLhBTiIp/a57/8qn.2","action":"Commit Response", "result":"Success", "context":Result: Success. cV=axBn/4BLhBTiIp/a57/8qn.0;server=akswtt10200001n;cloudType=Consumer;environment=Prod_westus_prod-s01-081-nam-westus;migrationStage=NotStarted}
{"logTime": "0222/024425", "correlationVector":"m62WiyHDl8xg8YGq4sSXJs","action":"Commit Request", "result":"", "context":Item count: 40
Contributing types: Passwords}
{"logTime": "0222/024427", "correlationVector":"m62WiyHDl8xg8YGq4sSXJs.1","action":"SyncServerConnectionManagerRequest", "result":"SYNC_SERVER_OK", "context":{"environment":"Prod_westus_prod-s01-081-nam-westus", "migrationStage":"NotStarted", "server":"akswtt102000006"}}
{"logTime": "0222/024427", "correlationVector":"m62WiyHDl8xg8YGq4sSXJs.2","action":"Commit Response", "result":"Success", "context":Result: Success. cV=m62WiyHDl8xg8YGq4sSXJs.0;server=akswtt102000006;cloudType=Consumer;environment=Prod_westus_prod-s01-081-nam-westus;migrationStage=NotStarted}
{"logTime": "0222/024427", "correlationVector":"8EtKUJJyHEgMyg19c7kX3e","action":"Commit Request", "result":"", "context":Item count: 40
Contributing types: Passwords}
{"logTime": "0222/024429", "correlationVector":"8EtKUJJyHEgMyg19c7kX3e.1","action":"SyncServerConnectionManagerRequest", "result":"SYNC_SERVER_OK", "context":{"environment":"Prod_westus_prod-s01-081-nam-westus", "migrationStage":"NotStarted", "server":"akswtt102000000"}}
{"logTime": "0222/024429", "correlationVector":"8EtKUJJyHEgMyg19c7kX3e.2","action":"Commit Response", "result":"Success", "context":Result: Success. cV=8EtKUJJyHEgMyg19c7kX3e.0;server=akswtt102000000;cloudType=Consumer;environment=Prod_westus_prod-s01-081-nam-westus;migrationStage=NotStarted}
{"logTime": "0222/024429", "correlationVector":"NUhO8XsYXKTp8vKe2Jx6QS","action":"Commit Request", "result":"", "context":Item count: 40
Contributing types: Passwords}
{"logTime": "0222/024431", "correlationVector":"NUhO8XsYXKTp8vKe2Jx6QS.1","action":"SyncServerConnectionManagerRequest", "result":"SYNC_SERVER_OK", "context":{"environment":"Prod_westus_prod-s01-081-nam-westus", "migrationStage":"NotStarted", "server":"akswtt10200001i"}}
{"logTime": "0222/024431", "correlationVector":"NUhO8XsYXKTp8vKe2Jx6QS.2","action":"Commit Response", "result":"Success", "context":Result: Success. cV=NUhO8XsYXKTp8vKe2Jx6QS.0;server=akswtt10200001i;cloudType=Consumer;environment=Prod_westus_prod-s01-081-nam-westus;migrationStage=NotStarted}
{"logTime": "0222/024431", "correlationVector":"qXbxAFW8RbOS3mkCMYrN5t","action":"Commit Request", "result":"", "context":Item count: 40
Contributing types: Passwords}
{"logTime": "0222/024432", "correlationVector":"qXbxAFW8RbOS3mkCMYrN5t.1","action":"SyncServerConnectionManagerRequest", "result":"SYNC_SERVER_OK", "context":{"environment":"Prod_westus_prod-s01-081-nam-westus", "migrationStage":"NotStarted", "server":"akswtt102000004"}}
{"logTime": "0222/024432", "correlationVector":"qXbxAFW8RbOS3mkCMYrN5t.2","action":"Commit Response", "result":"Success", "context":Result: Success. cV=qXbxAFW8RbOS3mkCMYrN5t.0;server=akswtt102000004;cloudType=Consumer;environment=Prod_westus_prod-s01-081-nam-westus;migrationStage=NotStarted}
{"logTime": "0222/024433", "correlationVector":"rr+rgDwjNs1oOqOpu9Qkd5","action":"Commit Request", "result":"", "context":Item count: 40
Contributing types: Passwords}
{"logTime": "0222/024434", "correlationVector":"rr+rgDwjNs1oOqOpu9Qkd5.1","action":"SyncServerConnectionManagerRequest", "result":"SYNC_SERVER_OK", "context":{"environment":"Prod_westus_prod-s01-081-nam-westus", "migrationStage":"NotStarted", "server":"akswtt10200000k"}}
{"logTime": "0222/024434", "correlationVector":"rr+rgDwjNs1oOqOpu9Qkd5.2","action":"Commit Response", "result":"Success", "context":Result: Success. cV=rr+rgDwjNs1oOqOpu9Qkd5.0;server=akswtt10200000k;cloudType=Consumer;environment=Prod_westus_prod-s01-081-nam-westus;migrationStage=NotStarted}
{"logTime": "0222/024434", "correlationVector":"Cr2Ia6u//iZdb27OLm51cG","action":"Commit Request", "result":"", "context":Item count: 40
Contributing types: Passwords}
{"logTime": "0222/024436", "correlationVector":"Cr2Ia6u//iZdb27OLm51cG.1","action":"SyncServerConnectionManagerRequest", "result":"SYNC_SERVER_OK", "context":{"environment":"Prod_westus_prod-s01-081-nam-westus", "migrationStage":"NotStarted", "server":"akswtt102000000"}}
{"logTime": "0222/024436", "correlationVector":"Cr2Ia6u//iZdb27OLm51cG.2","action":"Commit Response", "result":"Success", "context":Result: Success. cV=Cr2Ia6u//iZdb27OLm51cG.0;server=akswtt102000000;cloudType=Consumer;environment=Prod_westus_prod-s01-081-nam-westus;migrationStage=NotStarted}
{"logTime": "0222/024436", "correlationVector":"xqlQqTYpGy+BJkokKazbcA","action":"Commit Request", "result":"", "context":Item count: 40
Contributing types: Passwords}
{"logTime": "0222/024437", "correlationVector":"xqlQqTYpGy+BJkokKazbcA.1","action":"SyncServerConnectionManagerRequest", "result":"SYNC_SERVER_OK", "context":{"environment":"Prod_westus_prod-s01-081-nam-westus", "migrationStage":"NotStarted", "server":"akswtt10200001b"}}
{"logTime": "0222/024437", "correlationVector":"xqlQqTYpGy+BJkokKazbcA.2","action":"Commit Response", "result":"Success", "context":Result: Success. cV=xqlQqTYpGy+BJkokKazbcA.0;server=akswtt10200001b;cloudType=Consumer;environment=Prod_westus_prod-s01-081-nam-westus;migrationStage=NotStarted}
{"logTime": "0222/024437", "correlationVector":"BRJDlyMiAN3zwvmzWap4P6","action":"Commit Request", "result":"", "context":Item count: 21
Contributing types: Preferences, Passwords, Sessions}
{"logTime": "0222/024438", "correlationVector":"BRJDlyMiAN3zwvmzWap4P6.1","action":"SyncServerConnectionManagerRequest", "result":"SYNC_SERVER_OK", "context":{"environment":"Prod_westus_prod-s01-081-nam-westus", "migrationStage":"NotStarted", "server":"akswtt102000006"}}
{"logTime": "0222/024438", "correlationVector":"BRJDlyMiAN3zwvmzWap4P6.2","action":"Commit Response", "result":"Success", "context":Result: Success. cV=BRJDlyMiAN3zwvmzWap4P6.0;server=akswtt102000006;cloudType=Consumer;environment=Prod_westus_prod-s01-081-nam-westus;migrationStage=NotStarted}
{"logTime": "0222/030246", "correlationVector":"9XwwPy/kRl3Wdc0QeYmvrX.1","action":"SyncServerConnectionManagerRequest", "result":"SYNC_SERVER_OK", "context":{"environment":"Prod_westus_prod-s01-081-nam-westus", "migrationStage":"NotStarted", "server":"akswtt10200001m"}}
{"logTime": "0222/030246", "correlationVector":"9XwwPy/kRl3Wdc0QeYmvrX.2","action":"ProcessGetUpdates", "result":"Done", "context":{"dataType":"Encryption Keys", "deleted":"0", "process_failed_to_decrypt":"0", "process_pending_decryption":"0", "process_success":"1", "total":"1"}}
{"logTime": "0222/030247", "correlationVector":"aMAWLyky9uA4u+wTEtdYnl","action":"SyncServerConnectionManagerRequest", "result":"SYNC_SERVER_OK", "context":{"environment":"", "migrationStage":"", "server":""}}
{"logTime": "0222/030247", "correlationVector":"aMAWLyky9uA4u+wTEtdYnl.0","action":"EncryptionKeysFetcher.DownloadKeys:", "result":"Success", "context":Key count: 10, Last key timestamp: 2026-01-04T01:44:34Z}
{"logTime": "0222/030247", "correlationVector":"aMAWLyky9uA4u+wTEtdYnl.1","action":"EncryptionKeysManager::SetEncryptionKeys:", "result":"Success", "context":Key names[10]:[j6nA8JqyfB5qF9jGl6BD+BnD0VHQZHKvc/FpLS9yrEzM/ijaS7LmX/c34q5I0Sxk7GdBsAGjXh9+HMDAr369EA==][9Ofxp+0AR5cXUE1wOzStWOtSXEZxVTMnjkBx/sYeybpERSJSMdiBsT4e+9eZXxuCR0k7DZgSsb2bEooCZAZteA==][oJTpDwIxnSZnNEVeEwsicJWmDE40HkQEEcSTLr0Q1uQMLNZk1T4NsVSGGXQSusvpaSeg/NEpMfuMx/wSLdgP2A==][wN3xHa6qUAAyOPUa1Ved33fyjIuGeNMAKNFi7+5Z3TTASfMWP6GzVo0TITLkPhjq3a4kmvwG4fQ/EuE7M3uLZA==][2RJLujjTYHExkOzrtb+SwD4R1kz5lbFpxcCfoOsVf6ZmMi7gwWLDiv7pDBOK/vb/ZEXxHR7RzEC7OBNKET9Nfg==][5UM28hux94arF1WyLDqzlyvS+JBRWeyZLguGLeFdBgtSMPTzxgQ/rIdDvqUpumC0TPcOFGCAZmfOGksNZXX8PA==][m+lNCZRrNc+ui2+EPa76AoshlWdfQdtdPyTbxMO8yHZ30W6/xNAtqHsSHH0oUbDX42RR1G3jD6hIkJCl9qCytw==][cQHscMMimej7R5th/iITVA0lwZdfEIVozNWfy2TOby+pOcXj9wJNq1CjMRa41GrRXwEDxIlN37dAqEAh57PVIg==][euNdcKtdk7xdFD2AmoVf03wjGNaIzvidMKIGhDfQtVxh6QY3/Df68z0WIMtVo+IgS4H0m3prI6vut4cLXhI7/A==][AsWn3F1d6sAx5oxnn/SBdeUWGCE7Tpz2HAVxc0tL3hoK3Gt7A6JNUEuGwbognlZHt5yFupJz5qGR72pk4sos0A==]}
{"logTime": "0222/030247", "correlationVector":"aMAWLyky9uA4u+wTEtdYnl.2","action":"EncryptionKeysManager::SetEncryptionKeysWithTimestamps:", "result":"Success", "context":Key timestamps[10]:[2021-03-31T01:44:28Z][2022-04-03T17:45:12Z][2022-10-01T04:46:25Z][2023-03-30T16:48:17Z][2023-09-28T15:16:21Z][2024-03-30T18:38:14Z][2024-09-27T02:18:29Z][2025-03-26T05:47:16Z][2025-07-07T14:44:18Z][2026-01-04T01:44:34Z]}
{"logTime": "0222/030247", "correlationVector":"9XwwPy/kRl3Wdc0QeYmvrX","action":"Initial GetUpdates", "result":"", "context":Reason: NEW_CLIENT. cV=9XwwPy/kRl3Wdc0QeYmvrX}
{"logTime": "0222/030247", "correlationVector":"9XwwPy/kRl3Wdc0QeYmvrX.3","action":"GetUpdates Response", "result":"Success", "context":Received 1 update(s). cV=9XwwPy/kRl3Wdc0QeYmvrX.0;server=akswtt10200001m;cloudType=Consumer;environment=Prod_westus_prod-s01-081-nam-westus;migrationStage=NotStarted}
{"logTime": "0222/030247", "correlationVector":"2f9qirs4DSNjM2IhkYx2qm","action":"Initial GetUpdates", "result":"", "context":Reason: NEWLY_SUPPORTED_DATATYPE. cV=2f9qirs4DSNjM2IhkYx2qm}
{"logTime": "0222/030247", "correlationVector":"2f9qirs4DSNjM2IhkYx2qm.1","action":"SyncServerConnectionManagerRequest", "result":"SYNC_SERVER_OK", "context":{"environment":"Prod_westus_prod-s01-081-nam-westus", "migrationStage":"NotStarted", "server":"akswtt10200001m"}}
{"logTime": "0222/030247", "correlationVector":"2f9qirs4DSNjM2IhkYx2qm.2","action":"ProcessGetUpdates", "result":"Done", "context":{"dataType":"Passwords", "deleted":"10", "process_failed_to_decrypt":"0", "process_pending_decryption":"0", "process_success":"250", "total":"250"}}
{"logTime": "0222/030247", "correlationVector":"2f9qirs4DSNjM2IhkYx2qm.3","action":"GetUpdates Response", "result":"Success", "context":Received 250 update(s). cV=2f9qirs4DSNjM2IhkYx2qm.0;server=akswtt10200001m;cloudType=Consumer;environment=Prod_westus_prod-s01-081-nam-westus;migrationStage=NotStarted Some updates remain.}
{"logTime": "0222/030247", "correlationVector":"TGJn68K/vbjkvO5wlMqIZp","action":"Initial GetUpdates", "result":"", "context":Reason: NEWLY_SUPPORTED_DATATYPE. cV=TGJn68K/vbjkvO5wlMqIZp}
{"logTime": "0222/030248", "correlationVector":"TGJn68K/vbjkvO5wlMqIZp.1","action":"SyncServerConnectionManagerRequest", "result":"SYNC_SERVER_OK", "context":{"environment":"Prod_westus_prod-s01-081-nam-westus", "migrationStage":"NotStarted", "server":"akswtt10200000q"}}
{"logTime": "0222/030248", "correlationVector":"TGJn68K/vbjkvO5wlMqIZp.2","action":"ProcessGetUpdates", "result":"Done", "context":{"dataType":"Passwords", "deleted":"0", "process_failed_to_decrypt":"0", "process_pending_decryption":"0", "process_success":"250", "total":"250"}}
{"logTime": "0222/030248", "correlationVector":"TGJn68K/vbjkvO5wlMqIZp.3","action":"GetUpdates Response", "result":"Success", "context":Received 250 update(s). cV=TGJn68K/vbjkvO5wlMqIZp.0;server=akswtt10200000q;cloudType=Consumer;environment=Prod_westus_prod-s01-081-nam-westus;migrationStage=NotStarted Some updates remain.}
{"logTime": "0222/030248", "correlationVector":"nO6fr2dvjsur5dSlwY9Xu8","action":"Initial GetUpdates", "result":"", "context":Reason: NEWLY_SUPPORTED_DATATYPE. cV=nO6fr2dvjsur5dSlwY9Xu8}
{"logTime": "0222/030248", "correlationVector":"nO6fr2dvjsur5dSlwY9Xu8.1","action":"SyncServerConnectionManagerRequest", "result":"SYNC_SERVER_OK", "context":{"environment":"Prod_westus_prod-s01-081-nam-westus", "migrationStage":"NotStarted", "server":"akswtt10200001g"}}
{"logTime": "0222/030248", "correlationVector":"nO6fr2dvjsur5dSlwY9Xu8.2","action":"ProcessGetUpdates", "result":"Done", "context":{"dataType":"Passwords", "deleted":"0", "process_failed_to_decrypt":"0", "process_pending_decryption":"0", "process_success":"250", "total":"250"}}
{"logTime": "0222/030248", "correlationVector":"nO6fr2dvjsur5dSlwY9Xu8.3","action":"GetUpdates Response", "result":"Success", "context":Received 250 update(s). cV=nO6fr2dvjsur5dSlwY9Xu8.0;server=akswtt10200001g;cloudType=Consumer;environment=Prod_westus_prod-s01-081-nam-westus;migrationStage=NotStarted Some updates remain.}
{"logTime": "0222/030248", "correlationVector":"R4c4uB9EhtS3zC6T5Ql2qu","action":"Initial GetUpdates", "result":"", "context":Reason: NEWLY_SUPPORTED_DATATYPE. cV=R4c4uB9EhtS3zC6T5Ql2qu}
{"logTime": "0222/030248", "correlationVector":"R4c4uB9EhtS3zC6T5Ql2qu.1","action":"SyncServerConnectionManagerRequest", "result":"SYNC_SERVER_OK", "context":{"environment":"Prod_westus_prod-s01-081-nam-westus", "migrationStage":"NotStarted", "server":"akswtt10200000q"}}
{"logTime": "0222/030248", "correlationVector":"R4c4uB9EhtS3zC6T5Ql2qu.2","action":"ProcessGetUpdates", "result":"Done", "context":{"dataType":"Passwords", "deleted":"0", "process_failed_to_decrypt":"0", "process_pending_decryption":"0", "process_success":"250", "total":"250"}}
{"logTime": "0222/030248", "correlationVector":"R4c4uB9EhtS3zC6T5Ql2qu.3","action":"GetUpdates Response", "result":"Success", "context":Received 250 update(s). cV=R4c4uB9EhtS3zC6T5Ql2qu.0;server=akswtt10200000q;cloudType=Consumer;environment=Prod_westus_prod-s01-081-nam-westus;migrationStage=NotStarted Some updates remain.}
{"logTime": "0222/030248", "correlationVector":"TtXe8TgLfaOL+o48Ot8ayW","action":"Initial GetUpdates", "result":"", "context":Reason: NEWLY_SUPPORTED_DATATYPE. cV=TtXe8TgLfaOL+o48Ot8ayW}
{"logTime": "0222/030249", "correlationVector":"TtXe8TgLfaOL+o48Ot8ayW.1","action":"SyncServerConnectionManagerRequest", "result":"SYNC_SERVER_OK", "context":{"environment":"Prod_westus_prod-s01-081-nam-westus", "migrationStage":"NotStarted", "server":"akswtt10200001g"}}
{"logTime": "0222/030249", "correlationVector":"TtXe8TgLfaOL+o48Ot8ayW.2","action":"ProcessGetUpdates", "result":"Done", "context":{"dataType":"Passwords", "deleted":"0", "process_failed_to_decrypt":"0", "process_pending_decryption":"0", "process_success":"250", "total":"250"}}
{"logTime": "0222/030249", "correlationVector":"TtXe8TgLfaOL+o48Ot8ayW.3","action":"GetUpdates Response", "result":"Success", "context":Received 250 update(s). cV=TtXe8TgLfaOL+o48Ot8ayW.0;server=akswtt10200001g;cloudType=Consumer;environment=Prod_westus_prod-s01-081-nam-westus;migrationStage=NotStarted Some updates remain.}
{"logTime": "0222/030249", "correlationVector":"FrpRpJYEB9d8OX079UgEJr","action":"Initial GetUpdates", "result":"", "context":Reason: NEWLY_SUPPORTED_DATATYPE. cV=FrpRpJYEB9d8OX079UgEJr}
{"logTime": "0222/030249", "correlationVector":"FrpRpJYEB9d8OX079UgEJr.1","action":"SyncServerConnectionManagerRequest", "result":"SYNC_SERVER_OK", "context":{"environment":"Prod_westus_prod-s01-081-nam-westus", "migrationStage":"NotStarted", "server":"akswtt10200000n"}}
{"logTime": "0222/030249", "correlationVector":"FrpRpJYEB9d8OX079UgEJr.2","action":"ProcessGetUpdates", "result":"Done", "context":{"dataType":"Passwords", "deleted":"0", "process_failed_to_decrypt":"0", "process_pending_decryption":"0", "process_success":"89", "total":"89"}}
{"logTime": "0222/030249", "correlationVector":"FrpRpJYEB9d8OX079UgEJr.3","action":"GetUpdates Response", "result":"Success", "context":Received 89 update(s). cV=FrpRpJYEB9d8OX079UgEJr.0;server=akswtt10200000n;cloudType=Consumer;environment=Prod_westus_prod-s01-081-nam-westus;migrationStage=NotStarted}
{"logTime": "0222/030250", "correlationVector":"qFx9rNo4t40QXIlnugGShS","action":"Normal GetUpdate request", "result":"", "context":cV=qFx9rNo4t40QXIlnugGShS
Nudged types: Sessions, Device Info, History
Refresh requested types: Bookmarks, Preferences, Passwords, Autofill Profiles, Autofill, Extensions, Sessions, Extension settings, History Delete Directives, Device Info, User Consents, Send Tab To Self, Web Apps, History, Saved Tab Group, WebAuthn Credentials, Collection, Edge E Drop, Edge Hub App Usage, Edge Wallet, Edge Workspace, Encryption Keys}
{"logTime": "0222/030250", "correlationVector":"qFx9rNo4t40QXIlnugGShS.1","action":"SyncServerConnectionManagerRequest", "result":"SYNC_SERVER_OK", "context":{"environment":"Prod_westus_prod-s01-081-nam-westus", "migrationStage":"NotStarted", "server":"akswtt10200001l"}}
{"logTime": "0222/030250", "correlationVector":"qFx9rNo4t40QXIlnugGShS.2","action":"ProcessGetUpdates", "result":"Done", "context":{"dataType":"Sessions", "deleted":"0", "process_failed_to_decrypt":"0", "process_pending_decryption":"0", "process_success":"1", "total":"1"}}
{"logTime": "0222/030250", "correlationVector":"qFx9rNo4t40QXIlnugGShS.3","action":"ProcessGetUpdates", "result":"Done", "context":{"dataType":"Device Info", "deleted":"0", "process_failed_to_decrypt":"0", "process_pending_decryption":"0", "process_success":"1", "total":"1"}}
{"logTime": "0222/030250", "correlationVector":"qFx9rNo4t40QXIlnugGShS.4","action":"GetUpdates Response", "result":"Success", "context":Received 2 update(s). cV=qFx9rNo4t40QXIlnugGShS.0;server=akswtt10200001l;cloudType=Consumer;environment=Prod_westus_prod-s01-081-nam-westus;migrationStage=NotStarted Some updates remain.}
{"logTime": "0222/030250", "correlationVector":"8XE+/Gy9qsue5hguBd3DX4","action":"Normal GetUpdate request", "result":"", "context":cV=8XE+/Gy9qsue5hguBd3DX4
Nudged types: Sessions, Device Info, History
Refresh requested types: Bookmarks, Preferences, Passwords, Autofill Profiles, Autofill, Extensions, Sessions, Extension settings, History Delete Directives, Device Info, User Consents, Send Tab To Self, Web Apps, History, Saved Tab Group, WebAuthn Credentials, Collection, Edge E Drop, Edge Hub App Usage, Edge Wallet, Edge Workspace, Encryption Keys}
{"logTime": "0222/030252", "correlationVector":"8XE+/Gy9qsue5hguBd3DX4.1","action":"SyncServerConnectionManagerRequest", "result":"SYNC_SERVER_OK", "context":{"environment":"Prod_westus_prod-s01-081-nam-westus", "migrationStage":"NotStarted", "server":"akswtt10200000a"}}
{"logTime": "0222/030252", "correlationVector":"8XE+/Gy9qsue5hguBd3DX4.2","action":"ProcessGetUpdates", "result":"Done", "context":{"dataType":"Preferences", "deleted":"0", "process_failed_to_decrypt":"0", "process_pending_decryption":"0", "process_success":"1", "total":"1"}}
{"logTime": "0222/030252", "correlationVector":"8XE+/Gy9qsue5hguBd3DX4.3","action":"ProcessGetUpdates", "result":"Done", "context":{"dataType":"Sessions", "deleted":"0", "process_failed_to_decrypt":"0", "process_pending_decryption":"0", "process_success":"2", "total":"2"}}
{"logTime": "0222/030252", "correlationVector":"8XE+/Gy9qsue5hguBd3DX4.4","action":"GetUpdates Response", "result":"Success", "context":Received 3 update(s). cV=8XE+/Gy9qsue5hguBd3DX4.0;server=akswtt10200000a;cloudType=Consumer;environment=Prod_westus_prod-s01-081-nam-westus;migrationStage=NotStarted}
{"logTime": "0222/030301", "correlationVector":"ApbxHBkK15vEjTDb0U4lDD","action":"Commit Request", "result":"", "context":Item count: 6
Contributing types: Sessions, Device Info, History}
{"logTime": "0222/030302", "correlationVector":"ApbxHBkK15vEjTDb0U4lDD.1","action":"SyncServerConnectionManagerRequest", "result":"SYNC_SERVER_OK", "context":{"environment":"Prod_westus_prod-s01-081-nam-westus", "migrationStage":"NotStarted", "server":"akswtt10200000q"}}
{"logTime": "0222/030302", "correlationVector":"ApbxHBkK15vEjTDb0U4lDD.2","action":"Commit Response", "result":"Success", "context":Result: Success. cV=ApbxHBkK15vEjTDb0U4lDD.0;server=akswtt10200000q;cloudType=Consumer;environment=Prod_westus_prod-s01-081-nam-westus;migrationStage=NotStarted}
